  [1m[35m (0.1ms)[0m  [1m[34mSELECT sqlite_version(*)[0m
  [1m[35m (1.3ms)[0m  [1m[35mCREATE TABLE "schema_migrations" ("version" varchar NOT NULL PRIMARY KEY)[0m
  [1m[35m (1.2ms)[0m  [1m[35mCREATE TABLE "ar_internal_metadata" ("key" varchar NOT NULL PRIMARY KEY, "value" varchar, "created_at" datetime NOT NULL, "updated_at" datetime NOT NULL)[0m
  [1m[35m (0.1ms)[0m  [1m[34mSELECT "schema_migrations"."version" FROM "schema_migrations" ORDER BY "schema_migrations"."version" ASC[0m
Migrating to CreateCurrencies (20180212210506)
  [1m[35m (0.0ms)[0m  [1m[36mbegin transaction[0m
  [1m[35m (0.3ms)[0m  [1m[35mCREATE TABLE "currencies" ("id" INTEGER PRIMARY KEY AUTOINCREMENT NOT NULL, "nation" varchar, "unix_time" integer, "conv_rate" float, "created_at" datetime NOT NULL, "updated_at" datetime NOT NULL)[0m
  [1m[35mSQL (0.2ms)[0m  [1m[32mINSERT INTO "schema_migrations" ("version") VALUES (?)[0m  [["version", "20180212210506"]]
  [1m[35m (1.0ms)[0m  [1m[36mcommit transaction[0m
  [1m[36mActiveRecord::InternalMetadata Load (0.1ms)[0m  [1m[34mSELECT  "ar_internal_metadata".* FROM "ar_internal_metadata" WHERE "ar_internal_metadata"."key" = ? LIMIT ?[0m  [["key", "environment"], ["LIMIT", 1]]
  [1m[35m (0.0ms)[0m  [1m[36mbegin transaction[0m
  [1m[35mSQL (0.6ms)[0m  [1m[32mINSERT INTO "ar_internal_metadata" ("key", "value", "created_at", "updated_at") VALUES (?, ?, ?, ?)[0m  [["key", "environment"], ["value", "development"], ["created_at", "2018-02-12 22:06:08.211408"], ["updated_at", "2018-02-12 22:06:08.211408"]]
  [1m[35m (0.8ms)[0m  [1m[36mcommit transaction[0m
  [1m[35m (0.1ms)[0m  [1m[34mSELECT "schema_migrations"."version" FROM "schema_migrations" ORDER BY "schema_migrations"."version" ASC[0m
  [1m[35m (0.4ms)[0m  [1m[34mSELECT "schema_migrations"."version" FROM "schema_migrations" ORDER BY "schema_migrations"."version" ASC[0m
  [1m[35m (1.0ms)[0m  [1m[34mSELECT "ar_internal_metadata"."value" FROM "ar_internal_metadata" WHERE "ar_internal_metadata"."key" = ?[0m  [["key", "environment"]]
  [1m[35m (0.1ms)[0m  [1m[34mSELECT "schema_migrations"."version" FROM "schema_migrations" ORDER BY "schema_migrations"."version" ASC[0m
  [1m[35m (0.1ms)[0m  [1m[34mSELECT "ar_internal_metadata"."value" FROM "ar_internal_metadata" WHERE "ar_internal_metadata"."key" = ?[0m  [["key", "environment"]]
  [1m[35m (0.0ms)[0m  [1m[34mSELECT "schema_migrations"."version" FROM "schema_migrations" ORDER BY "schema_migrations"."version" ASC[0m
  [1m[35m (0.1ms)[0m  [1m[34mSELECT "ar_internal_metadata"."value" FROM "ar_internal_metadata" WHERE "ar_internal_metadata"."key" = ?[0m  [["key", "environment"]]
  [1m[35m (6.2ms)[0m  [1m[34mSELECT sqlite_version(*)[0m
  [1m[35m (1.4ms)[0m  [1m[35mCREATE TABLE "schema_migrations" ("version" varchar NOT NULL PRIMARY KEY)[0m
  [1m[35m (1.0ms)[0m  [1m[35mCREATE TABLE "ar_internal_metadata" ("key" varchar NOT NULL PRIMARY KEY, "value" varchar, "created_at" datetime NOT NULL, "updated_at" datetime NOT NULL)[0m
  [1m[35m (0.1ms)[0m  [1m[34mSELECT "schema_migrations"."version" FROM "schema_migrations" ORDER BY "schema_migrations"."version" ASC[0m
Migrating to CreateCurrencies (20180212210506)
  [1m[35m (0.1ms)[0m  [1m[36mbegin transaction[0m
  [1m[35m (0.4ms)[0m  [1m[35mCREATE TABLE "currencies" ("id" INTEGER PRIMARY KEY AUTOINCREMENT NOT NULL, "original_currency" varchar, "conversion_currency" varchar, "amount_entered" integer, "created_at" datetime NOT NULL, "updated_at" datetime NOT NULL)[0m
  [1m[35mSQL (0.2ms)[0m  [1m[32mINSERT INTO "schema_migrations" ("version") VALUES (?)[0m  [["version", "20180212210506"]]
  [1m[35m (1.2ms)[0m  [1m[36mcommit transaction[0m
  [1m[36mActiveRecord::InternalMetadata Load (0.1ms)[0m  [1m[34mSELECT  "ar_internal_metadata".* FROM "ar_internal_metadata" WHERE "ar_internal_metadata"."key" = ? LIMIT ?[0m  [["key", "environment"], ["LIMIT", 1]]
  [1m[35m (0.0ms)[0m  [1m[36mbegin transaction[0m
  [1m[35mSQL (0.3ms)[0m  [1m[32mINSERT INTO "ar_internal_metadata" ("key", "value", "created_at", "updated_at") VALUES (?, ?, ?, ?)[0m  [["key", "environment"], ["value", "development"], ["created_at", "2018-02-13 16:14:50.626065"], ["updated_at", "2018-02-13 16:14:50.626065"]]
  [1m[35m (0.7ms)[0m  [1m[36mcommit transaction[0m
  [1m[35m (0.1ms)[0m  [1m[34mSELECT "schema_migrations"."version" FROM "schema_migrations" ORDER BY "schema_migrations"."version" ASC[0m
Started GET "/api/v1/currencies" for 127.0.0.1 at 2018-02-13 11:32:21 -0500
  [1m[35m (0.1ms)[0m  [1m[34mSELECT "schema_migrations"."version" FROM "schema_migrations" ORDER BY "schema_migrations"."version" ASC[0m
  
ActionController::RoutingError (uninitialized constant Api):
  
activesupport (5.1.4) lib/active_support/inflector/methods.rb:269:in `const_get'
activesupport (5.1.4) lib/active_support/inflector/methods.rb:269:in `block in constantize'
activesupport (5.1.4) lib/active_support/inflector/methods.rb:267:in `each'
activesupport (5.1.4) lib/active_support/inflector/methods.rb:267:in `inject'
activesupport (5.1.4) lib/active_support/inflector/methods.rb:267:in `constantize'
actionpack (5.1.4) lib/action_dispatch/http/request.rb:85:in `controller_class_for'
actionpack (5.1.4) lib/action_dispatch/http/request.rb:78:in `controller_class'
actionpack (5.1.4) lib/action_dispatch/routing/route_set.rb:43:in `controller'
actionpack (5.1.4) lib/action_dispatch/routing/route_set.rb:29:in `serve'
actionpack (5.1.4) lib/action_dispatch/journey/router.rb:50:in `block in serve'
actionpack (5.1.4) lib/action_dispatch/journey/router.rb:33:in `each'
actionpack (5.1.4) lib/action_dispatch/journey/router.rb:33:in `serve'
actionpack (5.1.4) lib/action_dispatch/routing/route_set.rb:834:in `call'
rack (2.0.4) lib/rack/etag.rb:25:in `call'
rack (2.0.4) lib/rack/conditional_get.rb:25:in `call'
rack (2.0.4) lib/rack/head.rb:12:in `call'
activerecord (5.1.4) lib/active_record/migration.rb:556:in `call'
actionpack (5.1.4) lib/action_dispatch/middleware/callbacks.rb:26:in `block in call'
activesupport (5.1.4) lib/active_support/callbacks.rb:97:in `run_callbacks'
actionpack (5.1.4) lib/action_dispatch/middleware/callbacks.rb:24:in `call'
actionpack (5.1.4) lib/action_dispatch/middleware/executor.rb:12:in `call'
actionpack (5.1.4) lib/action_dispatch/middleware/debug_exceptions.rb:59:in `call'
actionpack (5.1.4) lib/action_dispatch/middleware/show_exceptions.rb:31:in `call'
railties (5.1.4) lib/rails/rack/logger.rb:36:in `call_app'
railties (5.1.4) lib/rails/rack/logger.rb:24:in `block in call'
activesupport (5.1.4) lib/active_support/tagged_logging.rb:69:in `block in tagged'
activesupport (5.1.4) lib/active_support/tagged_logging.rb:26:in `tagged'
activesupport (5.1.4) lib/active_support/tagged_logging.rb:69:in `tagged'
railties (5.1.4) lib/rails/rack/logger.rb:24:in `call'
actionpack (5.1.4) lib/action_dispatch/middleware/remote_ip.rb:79:in `call'
actionpack (5.1.4) lib/action_dispatch/middleware/request_id.rb:25:in `call'
rack (2.0.4) lib/rack/runtime.rb:22:in `call'
activesupport (5.1.4) lib/active_support/cache/strategy/local_cache_middleware.rb:27:in `call'
actionpack (5.1.4) lib/action_dispatch/middleware/executor.rb:12:in `call'
actionpack (5.1.4) lib/action_dispatch/middleware/static.rb:125:in `call'
rack (2.0.4) lib/rack/sendfile.rb:111:in `call'
rack-cors (1.0.2) lib/rack/cors.rb:97:in `call'
railties (5.1.4) lib/rails/engine.rb:522:in `call'
puma (3.11.2) lib/puma/configuration.rb:225:in `call'
puma (3.11.2) lib/puma/server.rb:624:in `handle_request'
puma (3.11.2) lib/puma/server.rb:438:in `process_client'
puma (3.11.2) lib/puma/server.rb:302:in `block in run'
puma (3.11.2) lib/puma/thread_pool.rb:120:in `block in spawn_thread'
Started GET "/favicon.ico" for 127.0.0.1 at 2018-02-13 11:32:22 -0500
  
ActionController::RoutingError (No route matches [GET] "/favicon.ico"):
  
actionpack (5.1.4) lib/action_dispatch/middleware/debug_exceptions.rb:63:in `call'
actionpack (5.1.4) lib/action_dispatch/middleware/show_exceptions.rb:31:in `call'
railties (5.1.4) lib/rails/rack/logger.rb:36:in `call_app'
railties (5.1.4) lib/rails/rack/logger.rb:24:in `block in call'
activesupport (5.1.4) lib/active_support/tagged_logging.rb:69:in `block in tagged'
activesupport (5.1.4) lib/active_support/tagged_logging.rb:26:in `tagged'
activesupport (5.1.4) lib/active_support/tagged_logging.rb:69:in `tagged'
railties (5.1.4) lib/rails/rack/logger.rb:24:in `call'
actionpack (5.1.4) lib/action_dispatch/middleware/remote_ip.rb:79:in `call'
actionpack (5.1.4) lib/action_dispatch/middleware/request_id.rb:25:in `call'
rack (2.0.4) lib/rack/runtime.rb:22:in `call'
activesupport (5.1.4) lib/active_support/cache/strategy/local_cache_middleware.rb:27:in `call'
actionpack (5.1.4) lib/action_dispatch/middleware/executor.rb:12:in `call'
actionpack (5.1.4) lib/action_dispatch/middleware/static.rb:125:in `call'
rack (2.0.4) lib/rack/sendfile.rb:111:in `call'
rack-cors (1.0.2) lib/rack/cors.rb:97:in `call'
railties (5.1.4) lib/rails/engine.rb:522:in `call'
puma (3.11.2) lib/puma/configuration.rb:225:in `call'
puma (3.11.2) lib/puma/server.rb:624:in `handle_request'
puma (3.11.2) lib/puma/server.rb:438:in `process_client'
puma (3.11.2) lib/puma/server.rb:302:in `block in run'
puma (3.11.2) lib/puma/thread_pool.rb:120:in `block in spawn_thread'
Started GET "/api/v1/currencies" for 127.0.0.1 at 2018-02-13 11:36:45 -0500
  
ActionController::RoutingError (uninitialized constant Api):
Started GET "/api/v1/currencies" for 127.0.0.1 at 2018-02-13 11:36:55 -0500
  
  
activesupport (5.1.4) lib/active_support/inflector/methods.rb:269:in `const_get'
activesupport (5.1.4) lib/active_support/inflector/methods.rb:269:in `block in constantize'
activesupport (5.1.4) lib/active_support/inflector/methods.rb:267:in `each'
activesupport (5.1.4) lib/active_support/inflector/methods.rb:267:in `inject'
activesupport (5.1.4) lib/active_support/inflector/methods.rb:267:in `constantize'
actionpack (5.1.4) lib/action_dispatch/http/request.rb:85:in `controller_class_for'
actionpack (5.1.4) lib/action_dispatch/http/request.rb:78:in `controller_class'
actionpack (5.1.4) lib/action_dispatch/routing/route_set.rb:43:in `controller'
actionpack (5.1.4) lib/action_dispatch/routing/route_set.rb:29:in `serve'
actionpack (5.1.4) lib/action_dispatch/journey/router.rb:50:in `block in serve'
actionpack (5.1.4) lib/action_dispatch/journey/router.rb:33:in `each'
actionpack (5.1.4) lib/action_dispatch/journey/router.rb:33:in `serve'
actionpack (5.1.4) lib/action_dispatch/routing/route_set.rb:834:in `call'
rack (2.0.4) lib/rack/etag.rb:25:in `call'
rack (2.0.4) lib/rack/conditional_get.rb:25:in `call'
rack (2.0.4) lib/rack/head.rb:12:in `call'
activerecord (5.1.4) lib/active_record/migration.rb:556:in `call'
actionpack (5.1.4) lib/action_dispatch/middleware/callbacks.rb:26:in `block in call'
activesupport (5.1.4) lib/active_support/callbacks.rb:97:in `run_callbacks'
actionpack (5.1.4) lib/action_dispatch/middleware/callbacks.rb:24:in `call'
actionpack (5.1.4) lib/action_dispatch/middleware/executor.rb:12:in `call'
actionpack (5.1.4) lib/action_dispatch/middleware/debug_exceptions.rb:59:in `call'
actionpack (5.1.4) lib/action_dispatch/middleware/show_exceptions.rb:31:in `call'
railties (5.1.4) lib/rails/rack/logger.rb:36:in `call_app'
railties (5.1.4) lib/rails/rack/logger.rb:24:in `block in call'
activesupport (5.1.4) lib/active_support/tagged_logging.rb:69:in `block in tagged'
activesupport (5.1.4) lib/active_support/tagged_logging.rb:26:in `tagged'
activesupport (5.1.4) lib/active_support/tagged_logging.rb:69:in `tagged'
railties (5.1.4) lib/rails/rack/logger.rb:24:in `call'
actionpack (5.1.4) lib/action_dispatch/middleware/remote_ip.rb:79:in `call'
actionpack (5.1.4) lib/action_dispatch/middleware/request_id.rb:25:in `call'
rack (2.0.4) lib/rack/runtime.rb:22:in `call'
activesupport (5.1.4) lib/active_support/cache/strategy/local_cache_middleware.rb:27:in `call'
actionpack (5.1.4) lib/action_dispatch/middleware/executor.rb:12:in `call'
actionpack (5.1.4) lib/action_dispatch/middleware/static.rb:125:in `call'
rack (2.0.4) lib/rack/sendfile.rb:111:in `call'
rack-cors (1.0.2) lib/rack/cors.rb:97:in `call'
railties (5.1.4) lib/rails/engine.rb:522:in `call'
puma (3.11.2) lib/puma/configuration.rb:225:in `call'
puma (3.11.2) lib/puma/server.rb:624:in `handle_request'
puma (3.11.2) lib/puma/server.rb:438:in `process_client'
puma (3.11.2) lib/puma/server.rb:302:in `block in run'
puma (3.11.2) lib/puma/thread_pool.rb:120:in `block in spawn_thread'
ActionController::RoutingError (uninitialized constant Api):
  
activesupport (5.1.4) lib/active_support/inflector/methods.rb:269:in `const_get'
activesupport (5.1.4) lib/active_support/inflector/methods.rb:269:in `block in constantize'
activesupport (5.1.4) lib/active_support/inflector/methods.rb:267:in `each'
activesupport (5.1.4) lib/active_support/inflector/methods.rb:267:in `inject'
activesupport (5.1.4) lib/active_support/inflector/methods.rb:267:in `constantize'
actionpack (5.1.4) lib/action_dispatch/http/request.rb:85:in `controller_class_for'
actionpack (5.1.4) lib/action_dispatch/http/request.rb:78:in `controller_class'
actionpack (5.1.4) lib/action_dispatch/routing/route_set.rb:43:in `controller'
actionpack (5.1.4) lib/action_dispatch/routing/route_set.rb:29:in `serve'
actionpack (5.1.4) lib/action_dispatch/journey/router.rb:50:in `block in serve'
actionpack (5.1.4) lib/action_dispatch/journey/router.rb:33:in `each'
actionpack (5.1.4) lib/action_dispatch/journey/router.rb:33:in `serve'
actionpack (5.1.4) lib/action_dispatch/routing/route_set.rb:834:in `call'
rack (2.0.4) lib/rack/etag.rb:25:in `call'
rack (2.0.4) lib/rack/conditional_get.rb:25:in `call'
rack (2.0.4) lib/rack/head.rb:12:in `call'
activerecord (5.1.4) lib/active_record/migration.rb:556:in `call'
actionpack (5.1.4) lib/action_dispatch/middleware/callbacks.rb:26:in `block in call'
activesupport (5.1.4) lib/active_support/callbacks.rb:97:in `run_callbacks'
actionpack (5.1.4) lib/action_dispatch/middleware/callbacks.rb:24:in `call'
actionpack (5.1.4) lib/action_dispatch/middleware/executor.rb:12:in `call'
actionpack (5.1.4) lib/action_dispatch/middleware/debug_exceptions.rb:59:in `call'
actionpack (5.1.4) lib/action_dispatch/middleware/show_exceptions.rb:31:in `call'
railties (5.1.4) lib/rails/rack/logger.rb:36:in `call_app'
railties (5.1.4) lib/rails/rack/logger.rb:24:in `block in call'
activesupport (5.1.4) lib/active_support/tagged_logging.rb:69:in `block in tagged'
activesupport (5.1.4) lib/active_support/tagged_logging.rb:26:in `tagged'
activesupport (5.1.4) lib/active_support/tagged_logging.rb:69:in `tagged'
railties (5.1.4) lib/rails/rack/logger.rb:24:in `call'
actionpack (5.1.4) lib/action_dispatch/middleware/remote_ip.rb:79:in `call'
actionpack (5.1.4) lib/action_dispatch/middleware/request_id.rb:25:in `call'
rack (2.0.4) lib/rack/runtime.rb:22:in `call'
activesupport (5.1.4) lib/active_support/cache/strategy/local_cache_middleware.rb:27:in `call'
actionpack (5.1.4) lib/action_dispatch/middleware/executor.rb:12:in `call'
actionpack (5.1.4) lib/action_dispatch/middleware/static.rb:125:in `call'
rack (2.0.4) lib/rack/sendfile.rb:111:in `call'
rack-cors (1.0.2) lib/rack/cors.rb:97:in `call'
railties (5.1.4) lib/rails/engine.rb:522:in `call'
puma (3.11.2) lib/puma/configuration.rb:225:in `call'
puma (3.11.2) lib/puma/server.rb:624:in `handle_request'
puma (3.11.2) lib/puma/server.rb:438:in `process_client'
puma (3.11.2) lib/puma/server.rb:302:in `block in run'
puma (3.11.2) lib/puma/thread_pool.rb:120:in `block in spawn_thread'
Started GET "/api/v1/currencies" for 127.0.0.1 at 2018-02-13 11:38:45 -0500
  
ActionController::RoutingError (uninitialized constant Api):
  
activesupport (5.1.4) lib/active_support/inflector/methods.rb:269:in `const_get'
activesupport (5.1.4) lib/active_support/inflector/methods.rb:269:in `block in constantize'
activesupport (5.1.4) lib/active_support/inflector/methods.rb:267:in `each'
activesupport (5.1.4) lib/active_support/inflector/methods.rb:267:in `inject'
activesupport (5.1.4) lib/active_support/inflector/methods.rb:267:in `constantize'
actionpack (5.1.4) lib/action_dispatch/http/request.rb:85:in `controller_class_for'
actionpack (5.1.4) lib/action_dispatch/http/request.rb:78:in `controller_class'
actionpack (5.1.4) lib/action_dispatch/routing/route_set.rb:43:in `controller'
actionpack (5.1.4) lib/action_dispatch/routing/route_set.rb:29:in `serve'
actionpack (5.1.4) lib/action_dispatch/journey/router.rb:50:in `block in serve'
actionpack (5.1.4) lib/action_dispatch/journey/router.rb:33:in `each'
actionpack (5.1.4) lib/action_dispatch/journey/router.rb:33:in `serve'
actionpack (5.1.4) lib/action_dispatch/routing/route_set.rb:834:in `call'
rack (2.0.4) lib/rack/etag.rb:25:in `call'
rack (2.0.4) lib/rack/conditional_get.rb:25:in `call'
rack (2.0.4) lib/rack/head.rb:12:in `call'
activerecord (5.1.4) lib/active_record/migration.rb:556:in `call'
actionpack (5.1.4) lib/action_dispatch/middleware/callbacks.rb:26:in `block in call'
activesupport (5.1.4) lib/active_support/callbacks.rb:97:in `run_callbacks'
actionpack (5.1.4) lib/action_dispatch/middleware/callbacks.rb:24:in `call'
actionpack (5.1.4) lib/action_dispatch/middleware/executor.rb:12:in `call'
actionpack (5.1.4) lib/action_dispatch/middleware/debug_exceptions.rb:59:in `call'
actionpack (5.1.4) lib/action_dispatch/middleware/show_exceptions.rb:31:in `call'
railties (5.1.4) lib/rails/rack/logger.rb:36:in `call_app'
railties (5.1.4) lib/rails/rack/logger.rb:24:in `block in call'
activesupport (5.1.4) lib/active_support/tagged_logging.rb:69:in `block in tagged'
activesupport (5.1.4) lib/active_support/tagged_logging.rb:26:in `tagged'
activesupport (5.1.4) lib/active_support/tagged_logging.rb:69:in `tagged'
railties (5.1.4) lib/rails/rack/logger.rb:24:in `call'
actionpack (5.1.4) lib/action_dispatch/middleware/remote_ip.rb:79:in `call'
actionpack (5.1.4) lib/action_dispatch/middleware/request_id.rb:25:in `call'
rack (2.0.4) lib/rack/runtime.rb:22:in `call'
activesupport (5.1.4) lib/active_support/cache/strategy/local_cache_middleware.rb:27:in `call'
actionpack (5.1.4) lib/action_dispatch/middleware/executor.rb:12:in `call'
actionpack (5.1.4) lib/action_dispatch/middleware/static.rb:125:in `call'
rack (2.0.4) lib/rack/sendfile.rb:111:in `call'
rack-cors (1.0.2) lib/rack/cors.rb:97:in `call'
railties (5.1.4) lib/rails/engine.rb:522:in `call'
puma (3.11.2) lib/puma/configuration.rb:225:in `call'
puma (3.11.2) lib/puma/server.rb:624:in `handle_request'
puma (3.11.2) lib/puma/server.rb:438:in `process_client'
puma (3.11.2) lib/puma/server.rb:302:in `block in run'
puma (3.11.2) lib/puma/thread_pool.rb:120:in `block in spawn_thread'
Started GET "/api/v1/currencies" for 127.0.0.1 at 2018-02-13 11:39:27 -0500
  
ActionController::RoutingError (No route matches [GET] "/api/v1/currencies"):
  
actionpack (5.1.4) lib/action_dispatch/middleware/debug_exceptions.rb:63:in `call'
actionpack (5.1.4) lib/action_dispatch/middleware/show_exceptions.rb:31:in `call'
railties (5.1.4) lib/rails/rack/logger.rb:36:in `call_app'
railties (5.1.4) lib/rails/rack/logger.rb:24:in `block in call'
activesupport (5.1.4) lib/active_support/tagged_logging.rb:69:in `block in tagged'
activesupport (5.1.4) lib/active_support/tagged_logging.rb:26:in `tagged'
activesupport (5.1.4) lib/active_support/tagged_logging.rb:69:in `tagged'
railties (5.1.4) lib/rails/rack/logger.rb:24:in `call'
actionpack (5.1.4) lib/action_dispatch/middleware/remote_ip.rb:79:in `call'
actionpack (5.1.4) lib/action_dispatch/middleware/request_id.rb:25:in `call'
rack (2.0.4) lib/rack/runtime.rb:22:in `call'
activesupport (5.1.4) lib/active_support/cache/strategy/local_cache_middleware.rb:27:in `call'
actionpack (5.1.4) lib/action_dispatch/middleware/executor.rb:12:in `call'
actionpack (5.1.4) lib/action_dispatch/middleware/static.rb:125:in `call'
rack (2.0.4) lib/rack/sendfile.rb:111:in `call'
rack-cors (1.0.2) lib/rack/cors.rb:97:in `call'
railties (5.1.4) lib/rails/engine.rb:522:in `call'
puma (3.11.2) lib/puma/configuration.rb:225:in `call'
puma (3.11.2) lib/puma/server.rb:624:in `handle_request'
puma (3.11.2) lib/puma/server.rb:438:in `process_client'
puma (3.11.2) lib/puma/server.rb:302:in `block in run'
puma (3.11.2) lib/puma/thread_pool.rb:120:in `block in spawn_thread'
Started GET "/api/v1/currency" for 127.0.0.1 at 2018-02-13 11:39:38 -0500
  
ActionController::RoutingError (uninitialized constant Api):
  
activesupport (5.1.4) lib/active_support/inflector/methods.rb:269:in `const_get'
activesupport (5.1.4) lib/active_support/inflector/methods.rb:269:in `block in constantize'
activesupport (5.1.4) lib/active_support/inflector/methods.rb:267:in `each'
activesupport (5.1.4) lib/active_support/inflector/methods.rb:267:in `inject'
activesupport (5.1.4) lib/active_support/inflector/methods.rb:267:in `constantize'
actionpack (5.1.4) lib/action_dispatch/http/request.rb:85:in `controller_class_for'
actionpack (5.1.4) lib/action_dispatch/http/request.rb:78:in `controller_class'
actionpack (5.1.4) lib/action_dispatch/routing/route_set.rb:43:in `controller'
actionpack (5.1.4) lib/action_dispatch/routing/route_set.rb:29:in `serve'
actionpack (5.1.4) lib/action_dispatch/journey/router.rb:50:in `block in serve'
actionpack (5.1.4) lib/action_dispatch/journey/router.rb:33:in `each'
actionpack (5.1.4) lib/action_dispatch/journey/router.rb:33:in `serve'
actionpack (5.1.4) lib/action_dispatch/routing/route_set.rb:834:in `call'
rack (2.0.4) lib/rack/etag.rb:25:in `call'
rack (2.0.4) lib/rack/conditional_get.rb:25:in `call'
rack (2.0.4) lib/rack/head.rb:12:in `call'
activerecord (5.1.4) lib/active_record/migration.rb:556:in `call'
actionpack (5.1.4) lib/action_dispatch/middleware/callbacks.rb:26:in `block in call'
activesupport (5.1.4) lib/active_support/callbacks.rb:97:in `run_callbacks'
actionpack (5.1.4) lib/action_dispatch/middleware/callbacks.rb:24:in `call'
actionpack (5.1.4) lib/action_dispatch/middleware/executor.rb:12:in `call'
actionpack (5.1.4) lib/action_dispatch/middleware/debug_exceptions.rb:59:in `call'
actionpack (5.1.4) lib/action_dispatch/middleware/show_exceptions.rb:31:in `call'
railties (5.1.4) lib/rails/rack/logger.rb:36:in `call_app'
railties (5.1.4) lib/rails/rack/logger.rb:24:in `block in call'
activesupport (5.1.4) lib/active_support/tagged_logging.rb:69:in `block in tagged'
activesupport (5.1.4) lib/active_support/tagged_logging.rb:26:in `tagged'
activesupport (5.1.4) lib/active_support/tagged_logging.rb:69:in `tagged'
railties (5.1.4) lib/rails/rack/logger.rb:24:in `call'
actionpack (5.1.4) lib/action_dispatch/middleware/remote_ip.rb:79:in `call'
actionpack (5.1.4) lib/action_dispatch/middleware/request_id.rb:25:in `call'
rack (2.0.4) lib/rack/runtime.rb:22:in `call'
activesupport (5.1.4) lib/active_support/cache/strategy/local_cache_middleware.rb:27:in `call'
actionpack (5.1.4) lib/action_dispatch/middleware/executor.rb:12:in `call'
actionpack (5.1.4) lib/action_dispatch/middleware/static.rb:125:in `call'
rack (2.0.4) lib/rack/sendfile.rb:111:in `call'
rack-cors (1.0.2) lib/rack/cors.rb:97:in `call'
railties (5.1.4) lib/rails/engine.rb:522:in `call'
puma (3.11.2) lib/puma/configuration.rb:225:in `call'
puma (3.11.2) lib/puma/server.rb:624:in `handle_request'
puma (3.11.2) lib/puma/server.rb:438:in `process_client'
puma (3.11.2) lib/puma/server.rb:302:in `block in run'
puma (3.11.2) lib/puma/thread_pool.rb:120:in `block in spawn_thread'
Started GET "/api/v1/currency" for 127.0.0.1 at 2018-02-13 11:41:10 -0500
  
ArgumentError ('API/v1/currencies' is not a supported controller name. This can lead to potential routing problems. See http://guides.rubyonrails.org/routing.html#specifying-a-controller-to-use):
  
config/routes.rb:4:in `block (3 levels) in <top (required)>'
config/routes.rb:3:in `block (2 levels) in <top (required)>'
config/routes.rb:2:in `block in <top (required)>'
config/routes.rb:1:in `<top (required)>'
Started GET "/api/v1/currencies" for 127.0.0.1 at 2018-02-13 11:41:13 -0500
  
ActionController::RoutingError (No route matches [GET] "/api/v1/currencies"):
  
actionpack (5.1.4) lib/action_dispatch/middleware/debug_exceptions.rb:63:in `call'
actionpack (5.1.4) lib/action_dispatch/middleware/show_exceptions.rb:31:in `call'
railties (5.1.4) lib/rails/rack/logger.rb:36:in `call_app'
railties (5.1.4) lib/rails/rack/logger.rb:24:in `block in call'
activesupport (5.1.4) lib/active_support/tagged_logging.rb:69:in `block in tagged'
activesupport (5.1.4) lib/active_support/tagged_logging.rb:26:in `tagged'
activesupport (5.1.4) lib/active_support/tagged_logging.rb:69:in `tagged'
railties (5.1.4) lib/rails/rack/logger.rb:24:in `call'
actionpack (5.1.4) lib/action_dispatch/middleware/remote_ip.rb:79:in `call'
actionpack (5.1.4) lib/action_dispatch/middleware/request_id.rb:25:in `call'
rack (2.0.4) lib/rack/runtime.rb:22:in `call'
activesupport (5.1.4) lib/active_support/cache/strategy/local_cache_middleware.rb:27:in `call'
actionpack (5.1.4) lib/action_dispatch/middleware/executor.rb:12:in `call'
actionpack (5.1.4) lib/action_dispatch/middleware/static.rb:125:in `call'
rack (2.0.4) lib/rack/sendfile.rb:111:in `call'
rack-cors (1.0.2) lib/rack/cors.rb:97:in `call'
railties (5.1.4) lib/rails/engine.rb:522:in `call'
puma (3.11.2) lib/puma/configuration.rb:225:in `call'
puma (3.11.2) lib/puma/server.rb:624:in `handle_request'
puma (3.11.2) lib/puma/server.rb:438:in `process_client'
puma (3.11.2) lib/puma/server.rb:302:in `block in run'
puma (3.11.2) lib/puma/thread_pool.rb:120:in `block in spawn_thread'
Started GET "/api/v1/currencies" for 127.0.0.1 at 2018-02-13 11:42:19 -0500
  [1m[35m (0.2ms)[0m  [1m[34mSELECT "schema_migrations"."version" FROM "schema_migrations" ORDER BY "schema_migrations"."version" ASC[0m
  
ActionController::RoutingError (uninitialized constant Api):
  
activesupport (5.1.4) lib/active_support/inflector/methods.rb:269:in `const_get'
activesupport (5.1.4) lib/active_support/inflector/methods.rb:269:in `block in constantize'
activesupport (5.1.4) lib/active_support/inflector/methods.rb:267:in `each'
activesupport (5.1.4) lib/active_support/inflector/methods.rb:267:in `inject'
activesupport (5.1.4) lib/active_support/inflector/methods.rb:267:in `constantize'
actionpack (5.1.4) lib/action_dispatch/http/request.rb:85:in `controller_class_for'
actionpack (5.1.4) lib/action_dispatch/http/request.rb:78:in `controller_class'
actionpack (5.1.4) lib/action_dispatch/routing/route_set.rb:43:in `controller'
actionpack (5.1.4) lib/action_dispatch/routing/route_set.rb:29:in `serve'
actionpack (5.1.4) lib/action_dispatch/journey/router.rb:50:in `block in serve'
actionpack (5.1.4) lib/action_dispatch/journey/router.rb:33:in `each'
actionpack (5.1.4) lib/action_dispatch/journey/router.rb:33:in `serve'
actionpack (5.1.4) lib/action_dispatch/routing/route_set.rb:834:in `call'
rack (2.0.4) lib/rack/etag.rb:25:in `call'
rack (2.0.4) lib/rack/conditional_get.rb:25:in `call'
rack (2.0.4) lib/rack/head.rb:12:in `call'
activerecord (5.1.4) lib/active_record/migration.rb:556:in `call'
actionpack (5.1.4) lib/action_dispatch/middleware/callbacks.rb:26:in `block in call'
activesupport (5.1.4) lib/active_support/callbacks.rb:97:in `run_callbacks'
actionpack (5.1.4) lib/action_dispatch/middleware/callbacks.rb:24:in `call'
actionpack (5.1.4) lib/action_dispatch/middleware/executor.rb:12:in `call'
actionpack (5.1.4) lib/action_dispatch/middleware/debug_exceptions.rb:59:in `call'
actionpack (5.1.4) lib/action_dispatch/middleware/show_exceptions.rb:31:in `call'
railties (5.1.4) lib/rails/rack/logger.rb:36:in `call_app'
railties (5.1.4) lib/rails/rack/logger.rb:24:in `block in call'
activesupport (5.1.4) lib/active_support/tagged_logging.rb:69:in `block in tagged'
activesupport (5.1.4) lib/active_support/tagged_logging.rb:26:in `tagged'
activesupport (5.1.4) lib/active_support/tagged_logging.rb:69:in `tagged'
railties (5.1.4) lib/rails/rack/logger.rb:24:in `call'
actionpack (5.1.4) lib/action_dispatch/middleware/remote_ip.rb:79:in `call'
actionpack (5.1.4) lib/action_dispatch/middleware/request_id.rb:25:in `call'
rack (2.0.4) lib/rack/runtime.rb:22:in `call'
activesupport (5.1.4) lib/active_support/cache/strategy/local_cache_middleware.rb:27:in `call'
actionpack (5.1.4) lib/action_dispatch/middleware/executor.rb:12:in `call'
actionpack (5.1.4) lib/action_dispatch/middleware/static.rb:125:in `call'
rack (2.0.4) lib/rack/sendfile.rb:111:in `call'
rack-cors (1.0.2) lib/rack/cors.rb:97:in `call'
railties (5.1.4) lib/rails/engine.rb:522:in `call'
puma (3.11.2) lib/puma/configuration.rb:225:in `call'
puma (3.11.2) lib/puma/server.rb:624:in `handle_request'
puma (3.11.2) lib/puma/server.rb:438:in `process_client'
puma (3.11.2) lib/puma/server.rb:302:in `block in run'
puma (3.11.2) lib/puma/thread_pool.rb:120:in `block in spawn_thread'
Started GET "/api/v1/currencies" for 127.0.0.1 at 2018-02-13 11:43:42 -0500
  
ActionController::RoutingError (uninitialized constant Api):
  
Started GET "/api/v1/currencies" for 127.0.0.1 at 2018-02-13 11:43:52 -0500
activesupport (5.1.4) lib/active_support/inflector/methods.rb:269:in `const_get'
activesupport (5.1.4) lib/active_support/inflector/methods.rb:269:in `block in constantize'
activesupport (5.1.4) lib/active_support/inflector/methods.rb:267:in `each'
activesupport (5.1.4) lib/active_support/inflector/methods.rb:267:in `inject'
activesupport (5.1.4) lib/active_support/inflector/methods.rb:267:in `constantize'
actionpack (5.1.4) lib/action_dispatch/http/request.rb:85:in `controller_class_for'
actionpack (5.1.4) lib/action_dispatch/http/request.rb:78:in `controller_class'
actionpack (5.1.4) lib/action_dispatch/routing/route_set.rb:43:in `controller'
actionpack (5.1.4) lib/action_dispatch/routing/route_set.rb:29:in `serve'
actionpack (5.1.4) lib/action_dispatch/journey/router.rb:50:in `block in serve'
actionpack (5.1.4) lib/action_dispatch/journey/router.rb:33:in `each'
actionpack (5.1.4) lib/action_dispatch/journey/router.rb:33:in `serve'
actionpack (5.1.4) lib/action_dispatch/routing/route_set.rb:834:in `call'
rack (2.0.4) lib/rack/etag.rb:25:in `call'
rack (2.0.4) lib/rack/conditional_get.rb:25:in `call'
rack (2.0.4) lib/rack/head.rb:12:in `call'
activerecord (5.1.4) lib/active_record/migration.rb:556:in `call'
actionpack (5.1.4) lib/action_dispatch/middleware/callbacks.rb:26:in `block in call'
activesupport (5.1.4) lib/active_support/callbacks.rb:97:in `run_callbacks'
actionpack (5.1.4) lib/action_dispatch/middleware/callbacks.rb:24:in `call'
actionpack (5.1.4) lib/action_dispatch/middleware/executor.rb:12:in `call'
actionpack (5.1.4) lib/action_dispatch/middleware/debug_exceptions.rb:59:in `call'
actionpack (5.1.4) lib/action_dispatch/middleware/show_exceptions.rb:31:in `call'
railties (5.1.4) lib/rails/rack/logger.rb:36:in `call_app'
railties (5.1.4) lib/rails/rack/logger.rb:24:in `block in call'
activesupport (5.1.4) lib/active_support/tagged_logging.rb:69:in `block in tagged'
activesupport (5.1.4) lib/active_support/tagged_logging.rb:26:in `tagged'
activesupport (5.1.4) lib/active_support/tagged_logging.rb:69:in `tagged'
railties (5.1.4) lib/rails/rack/logger.rb:24:in `call'
actionpack (5.1.4) lib/action_dispatch/middleware/remote_ip.rb:79:in `call'
actionpack (5.1.4) lib/action_dispatch/middleware/request_id.rb:25:in `call'
rack (2.0.4) lib/rack/runtime.rb:22:in `call'
activesupport (5.1.4) lib/active_support/cache/strategy/local_cache_middleware.rb:27:in `call'
actionpack (5.1.4) lib/action_dispatch/middleware/executor.rb:12:in `call'
actionpack (5.1.4) lib/action_dispatch/middleware/static.rb:125:in `call'
rack (2.0.4) lib/rack/sendfile.rb:111:in `call'
rack-cors (1.0.2) lib/rack/cors.rb:97:in `call'
railties (5.1.4) lib/rails/engine.rb:522:in `call'
puma (3.11.2) lib/puma/configuration.rb:225:in `call'
puma (3.11.2) lib/puma/server.rb:624:in `handle_request'
puma (3.11.2) lib/puma/server.rb:438:in `process_client'
puma (3.11.2) lib/puma/server.rb:302:in `block in run'
puma (3.11.2) lib/puma/thread_pool.rb:120:in `block in spawn_thread'
  
ActionController::RoutingError (uninitialized constant Api):
  
activesupport (5.1.4) lib/active_support/inflector/methods.rb:269:in `const_get'
activesupport (5.1.4) lib/active_support/inflector/methods.rb:269:in `block in constantize'
activesupport (5.1.4) lib/active_support/inflector/methods.rb:267:in `each'
activesupport (5.1.4) lib/active_support/inflector/methods.rb:267:in `inject'
activesupport (5.1.4) lib/active_support/inflector/methods.rb:267:in `constantize'
actionpack (5.1.4) lib/action_dispatch/http/request.rb:85:in `controller_class_for'
actionpack (5.1.4) lib/action_dispatch/http/request.rb:78:in `controller_class'
actionpack (5.1.4) lib/action_dispatch/routing/route_set.rb:43:in `controller'
actionpack (5.1.4) lib/action_dispatch/routing/route_set.rb:29:in `serve'
actionpack (5.1.4) lib/action_dispatch/journey/router.rb:50:in `block in serve'
actionpack (5.1.4) lib/action_dispatch/journey/router.rb:33:in `each'
actionpack (5.1.4) lib/action_dispatch/journey/router.rb:33:in `serve'
actionpack (5.1.4) lib/action_dispatch/routing/route_set.rb:834:in `call'
rack (2.0.4) lib/rack/etag.rb:25:in `call'
rack (2.0.4) lib/rack/conditional_get.rb:25:in `call'
rack (2.0.4) lib/rack/head.rb:12:in `call'
activerecord (5.1.4) lib/active_record/migration.rb:556:in `call'
actionpack (5.1.4) lib/action_dispatch/middleware/callbacks.rb:26:in `block in call'
activesupport (5.1.4) lib/active_support/callbacks.rb:97:in `run_callbacks'
actionpack (5.1.4) lib/action_dispatch/middleware/callbacks.rb:24:in `call'
actionpack (5.1.4) lib/action_dispatch/middleware/executor.rb:12:in `call'
actionpack (5.1.4) lib/action_dispatch/middleware/debug_exceptions.rb:59:in `call'
actionpack (5.1.4) lib/action_dispatch/middleware/show_exceptions.rb:31:in `call'
railties (5.1.4) lib/rails/rack/logger.rb:36:in `call_app'
railties (5.1.4) lib/rails/rack/logger.rb:24:in `block in call'
activesupport (5.1.4) lib/active_support/tagged_logging.rb:69:in `block in tagged'
activesupport (5.1.4) lib/active_support/tagged_logging.rb:26:in `tagged'
activesupport (5.1.4) lib/active_support/tagged_logging.rb:69:in `tagged'
railties (5.1.4) lib/rails/rack/logger.rb:24:in `call'
actionpack (5.1.4) lib/action_dispatch/middleware/remote_ip.rb:79:in `call'
actionpack (5.1.4) lib/action_dispatch/middleware/request_id.rb:25:in `call'
rack (2.0.4) lib/rack/runtime.rb:22:in `call'
activesupport (5.1.4) lib/active_support/cache/strategy/local_cache_middleware.rb:27:in `call'
actionpack (5.1.4) lib/action_dispatch/middleware/executor.rb:12:in `call'
actionpack (5.1.4) lib/action_dispatch/middleware/static.rb:125:in `call'
rack (2.0.4) lib/rack/sendfile.rb:111:in `call'
rack-cors (1.0.2) lib/rack/cors.rb:97:in `call'
railties (5.1.4) lib/rails/engine.rb:522:in `call'
puma (3.11.2) lib/puma/configuration.rb:225:in `call'
puma (3.11.2) lib/puma/server.rb:624:in `handle_request'
puma (3.11.2) lib/puma/server.rb:438:in `process_client'
puma (3.11.2) lib/puma/server.rb:302:in `block in run'
puma (3.11.2) lib/puma/thread_pool.rb:120:in `block in spawn_thread'
Started GET "/api/v1/currencies" for 127.0.0.1 at 2018-02-13 11:43:58 -0500
  [1m[35m (0.1ms)[0m  [1m[34mSELECT "schema_migrations"."version" FROM "schema_migrations" ORDER BY "schema_migrations"."version" ASC[0m
  
ActionController::RoutingError (uninitialized constant Api):
  
activesupport (5.1.4) lib/active_support/inflector/methods.rb:269:in `const_get'
activesupport (5.1.4) lib/active_support/inflector/methods.rb:269:in `block in constantize'
activesupport (5.1.4) lib/active_support/inflector/methods.rb:267:in `each'
activesupport (5.1.4) lib/active_support/inflector/methods.rb:267:in `inject'
activesupport (5.1.4) lib/active_support/inflector/methods.rb:267:in `constantize'
actionpack (5.1.4) lib/action_dispatch/http/request.rb:85:in `controller_class_for'
actionpack (5.1.4) lib/action_dispatch/http/request.rb:78:in `controller_class'
actionpack (5.1.4) lib/action_dispatch/routing/route_set.rb:43:in `controller'
actionpack (5.1.4) lib/action_dispatch/routing/route_set.rb:29:in `serve'
actionpack (5.1.4) lib/action_dispatch/journey/router.rb:50:in `block in serve'
actionpack (5.1.4) lib/action_dispatch/journey/router.rb:33:in `each'
actionpack (5.1.4) lib/action_dispatch/journey/router.rb:33:in `serve'
actionpack (5.1.4) lib/action_dispatch/routing/route_set.rb:834:in `call'
rack (2.0.4) lib/rack/etag.rb:25:in `call'
rack (2.0.4) lib/rack/conditional_get.rb:25:in `call'
rack (2.0.4) lib/rack/head.rb:12:in `call'
activerecord (5.1.4) lib/active_record/migration.rb:556:in `call'
actionpack (5.1.4) lib/action_dispatch/middleware/callbacks.rb:26:in `block in call'
activesupport (5.1.4) lib/active_support/callbacks.rb:97:in `run_callbacks'
actionpack (5.1.4) lib/action_dispatch/middleware/callbacks.rb:24:in `call'
actionpack (5.1.4) lib/action_dispatch/middleware/executor.rb:12:in `call'
actionpack (5.1.4) lib/action_dispatch/middleware/debug_exceptions.rb:59:in `call'
actionpack (5.1.4) lib/action_dispatch/middleware/show_exceptions.rb:31:in `call'
railties (5.1.4) lib/rails/rack/logger.rb:36:in `call_app'
railties (5.1.4) lib/rails/rack/logger.rb:24:in `block in call'
activesupport (5.1.4) lib/active_support/tagged_logging.rb:69:in `block in tagged'
activesupport (5.1.4) lib/active_support/tagged_logging.rb:26:in `tagged'
activesupport (5.1.4) lib/active_support/tagged_logging.rb:69:in `tagged'
railties (5.1.4) lib/rails/rack/logger.rb:24:in `call'
actionpack (5.1.4) lib/action_dispatch/middleware/remote_ip.rb:79:in `call'
actionpack (5.1.4) lib/action_dispatch/middleware/request_id.rb:25:in `call'
rack (2.0.4) lib/rack/runtime.rb:22:in `call'
activesupport (5.1.4) lib/active_support/cache/strategy/local_cache_middleware.rb:27:in `call'
actionpack (5.1.4) lib/action_dispatch/middleware/executor.rb:12:in `call'
actionpack (5.1.4) lib/action_dispatch/middleware/static.rb:125:in `call'
rack (2.0.4) lib/rack/sendfile.rb:111:in `call'
rack-cors (1.0.2) lib/rack/cors.rb:97:in `call'
railties (5.1.4) lib/rails/engine.rb:522:in `call'
puma (3.11.2) lib/puma/configuration.rb:225:in `call'
puma (3.11.2) lib/puma/server.rb:624:in `handle_request'
puma (3.11.2) lib/puma/server.rb:438:in `process_client'
puma (3.11.2) lib/puma/server.rb:302:in `block in run'
puma (3.11.2) lib/puma/thread_pool.rb:120:in `block in spawn_thread'
Started GET "/api/v1/currencies" for 127.0.0.1 at 2018-02-13 11:45:11 -0500
  
ActionController::RoutingError (uninitialized constant Api):
  
activesupport (5.1.4) lib/active_support/inflector/methods.rb:269:in `const_get'
activesupport (5.1.4) lib/active_support/inflector/methods.rb:269:in `block in constantize'
activesupport (5.1.4) lib/active_support/inflector/methods.rb:267:in `each'
activesupport (5.1.4) lib/active_support/inflector/methods.rb:267:in `inject'
activesupport (5.1.4) lib/active_support/inflector/methods.rb:267:in `constantize'
actionpack (5.1.4) lib/action_dispatch/http/request.rb:85:in `controller_class_for'
actionpack (5.1.4) lib/action_dispatch/http/request.rb:78:in `controller_class'
actionpack (5.1.4) lib/action_dispatch/routing/route_set.rb:43:in `controller'
actionpack (5.1.4) lib/action_dispatch/routing/route_set.rb:29:in `serve'
actionpack (5.1.4) lib/action_dispatch/journey/router.rb:50:in `block in serve'
actionpack (5.1.4) lib/action_dispatch/journey/router.rb:33:in `each'
actionpack (5.1.4) lib/action_dispatch/journey/router.rb:33:in `serve'
actionpack (5.1.4) lib/action_dispatch/routing/route_set.rb:834:in `call'
rack (2.0.4) lib/rack/etag.rb:25:in `call'
rack (2.0.4) lib/rack/conditional_get.rb:25:in `call'
rack (2.0.4) lib/rack/head.rb:12:in `call'
activerecord (5.1.4) lib/active_record/migration.rb:556:in `call'
actionpack (5.1.4) lib/action_dispatch/middleware/callbacks.rb:26:in `block in call'
activesupport (5.1.4) lib/active_support/callbacks.rb:97:in `run_callbacks'
actionpack (5.1.4) lib/action_dispatch/middleware/callbacks.rb:24:in `call'
actionpack (5.1.4) lib/action_dispatch/middleware/executor.rb:12:in `call'
actionpack (5.1.4) lib/action_dispatch/middleware/debug_exceptions.rb:59:in `call'
actionpack (5.1.4) lib/action_dispatch/middleware/show_exceptions.rb:31:in `call'
railties (5.1.4) lib/rails/rack/logger.rb:36:in `call_app'
railties (5.1.4) lib/rails/rack/logger.rb:24:in `block in call'
activesupport (5.1.4) lib/active_support/tagged_logging.rb:69:in `block in tagged'
activesupport (5.1.4) lib/active_support/tagged_logging.rb:26:in `tagged'
activesupport (5.1.4) lib/active_support/tagged_logging.rb:69:in `tagged'
railties (5.1.4) lib/rails/rack/logger.rb:24:in `call'
actionpack (5.1.4) lib/action_dispatch/middleware/remote_ip.rb:79:in `call'
actionpack (5.1.4) lib/action_dispatch/middleware/request_id.rb:25:in `call'
rack (2.0.4) lib/rack/runtime.rb:22:in `call'
activesupport (5.1.4) lib/active_support/cache/strategy/local_cache_middleware.rb:27:in `call'
actionpack (5.1.4) lib/action_dispatch/middleware/executor.rb:12:in `call'
actionpack (5.1.4) lib/action_dispatch/middleware/static.rb:125:in `call'
rack (2.0.4) lib/rack/sendfile.rb:111:in `call'
rack-cors (1.0.2) lib/rack/cors.rb:97:in `call'
railties (5.1.4) lib/rails/engine.rb:522:in `call'
puma (3.11.2) lib/puma/configuration.rb:225:in `call'
puma (3.11.2) lib/puma/server.rb:624:in `handle_request'
puma (3.11.2) lib/puma/server.rb:438:in `process_client'
puma (3.11.2) lib/puma/server.rb:302:in `block in run'
puma (3.11.2) lib/puma/thread_pool.rb:120:in `block in spawn_thread'
Started GET "/api/v1/currencies" for 127.0.0.1 at 2018-02-13 11:45:46 -0500
  
ActionController::RoutingError (uninitialized constant Api):
  
activesupport (5.1.4) lib/active_support/inflector/methods.rb:269:in `const_get'
activesupport (5.1.4) lib/active_support/inflector/methods.rb:269:in `block in constantize'
activesupport (5.1.4) lib/active_support/inflector/methods.rb:267:in `each'
activesupport (5.1.4) lib/active_support/inflector/methods.rb:267:in `inject'
activesupport (5.1.4) lib/active_support/inflector/methods.rb:267:in `constantize'
actionpack (5.1.4) lib/action_dispatch/http/request.rb:85:in `controller_class_for'
actionpack (5.1.4) lib/action_dispatch/http/request.rb:78:in `controller_class'
actionpack (5.1.4) lib/action_dispatch/routing/route_set.rb:43:in `controller'
actionpack (5.1.4) lib/action_dispatch/routing/route_set.rb:29:in `serve'
actionpack (5.1.4) lib/action_dispatch/journey/router.rb:50:in `block in serve'
actionpack (5.1.4) lib/action_dispatch/journey/router.rb:33:in `each'
actionpack (5.1.4) lib/action_dispatch/journey/router.rb:33:in `serve'
actionpack (5.1.4) lib/action_dispatch/routing/route_set.rb:834:in `call'
rack (2.0.4) lib/rack/etag.rb:25:in `call'
rack (2.0.4) lib/rack/conditional_get.rb:25:in `call'
rack (2.0.4) lib/rack/head.rb:12:in `call'
activerecord (5.1.4) lib/active_record/migration.rb:556:in `call'
actionpack (5.1.4) lib/action_dispatch/middleware/callbacks.rb:26:in `block in call'
activesupport (5.1.4) lib/active_support/callbacks.rb:97:in `run_callbacks'
actionpack (5.1.4) lib/action_dispatch/middleware/callbacks.rb:24:in `call'
actionpack (5.1.4) lib/action_dispatch/middleware/executor.rb:12:in `call'
actionpack (5.1.4) lib/action_dispatch/middleware/debug_exceptions.rb:59:in `call'
actionpack (5.1.4) lib/action_dispatch/middleware/show_exceptions.rb:31:in `call'
railties (5.1.4) lib/rails/rack/logger.rb:36:in `call_app'
railties (5.1.4) lib/rails/rack/logger.rb:24:in `block in call'
activesupport (5.1.4) lib/active_support/tagged_logging.rb:69:in `block in tagged'
activesupport (5.1.4) lib/active_support/tagged_logging.rb:26:in `tagged'
activesupport (5.1.4) lib/active_support/tagged_logging.rb:69:in `tagged'
railties (5.1.4) lib/rails/rack/logger.rb:24:in `call'
actionpack (5.1.4) lib/action_dispatch/middleware/remote_ip.rb:79:in `call'
actionpack (5.1.4) lib/action_dispatch/middleware/request_id.rb:25:in `call'
rack (2.0.4) lib/rack/runtime.rb:22:in `call'
activesupport (5.1.4) lib/active_support/cache/strategy/local_cache_middleware.rb:27:in `call'
actionpack (5.1.4) lib/action_dispatch/middleware/executor.rb:12:in `call'
actionpack (5.1.4) lib/action_dispatch/middleware/static.rb:125:in `call'
rack (2.0.4) lib/rack/sendfile.rb:111:in `call'
rack-cors (1.0.2) lib/rack/cors.rb:97:in `call'
railties (5.1.4) lib/rails/engine.rb:522:in `call'
puma (3.11.2) lib/puma/configuration.rb:225:in `call'
puma (3.11.2) lib/puma/server.rb:624:in `handle_request'
puma (3.11.2) lib/puma/server.rb:438:in `process_client'
puma (3.11.2) lib/puma/server.rb:302:in `block in run'
puma (3.11.2) lib/puma/thread_pool.rb:120:in `block in spawn_thread'
Started GET "/api/v1/currencies" for 127.0.0.1 at 2018-02-13 11:46:30 -0500
Processing by Api::V1::CurrenciesController#index as HTML
  [1m[36mCurrency Load (0.1ms)[0m  [1m[34mSELECT "currencies".* FROM "currencies"[0m
[active_model_serializers] Rendered ActiveModel::Serializer::CollectionSerializer with ActiveModelSerializers::Adapter::Attributes (0.16ms)
Completed 200 OK in 12ms (Views: 9.5ms | ActiveRecord: 0.6ms)


Started POST "/api/v1/currencies" for 127.0.0.1 at 2018-02-13 14:03:02 -0500
  [1m[35m (0.1ms)[0m  [1m[34mSELECT "schema_migrations"."version" FROM "schema_migrations" ORDER BY "schema_migrations"."version" ASC[0m
Processing by Api::V1::CurrenciesController#create as */*
  Parameters: {"original_currency"=>"ARS", "conversion_currency"=>"BHD", "amount_entered"=>"1232", "currency"=>{"original_currency"=>"ARS", "conversion_currency"=>"BHD", "amount_entered"=>"1232"}}
Unpermitted parameter: :currency
  [1m[35m (0.1ms)[0m  [1m[36mbegin transaction[0m
  [1m[35mSQL (0.4ms)[0m  [1m[32mINSERT INTO "currencies" ("original_currency", "conversion_currency", "amount_entered", "created_at", "updated_at") VALUES (?, ?, ?, ?, ?)[0m  [["original_currency", "ARS"], ["conversion_currency", "BHD"], ["amount_entered", 1232], ["created_at", "2018-02-13 19:03:02.947938"], ["updated_at", "2018-02-13 19:03:02.947938"]]
  [1m[35m (7.2ms)[0m  [1m[36mcommit transaction[0m
[active_model_serializers] Rendered ActiveModel::Serializer::Null with Currency (0.39ms)
Completed 200 OK in 21ms (Views: 7.2ms | ActiveRecord: 8.1ms)


Started GET "/api/v1/currencies" for 127.0.0.1 at 2018-02-13 14:03:10 -0500
Processing by Api::V1::CurrenciesController#index as HTML
  [1m[36mCurrency Load (0.1ms)[0m  [1m[34mSELECT "currencies".* FROM "currencies"[0m
No serializer found for resource: #<Currency id: 1, original_currency: "ARS", conversion_currency: "BHD", amount_entered: 1232, created_at: "2018-02-13 19:03:02", updated_at: "2018-02-13 19:03:02">
[active_model_serializers] Rendered ActiveModel::Serializer::CollectionSerializer with Currency::ActiveRecord_Relation (0.3ms)
Completed 200 OK in 12ms (Views: 11.7ms | ActiveRecord: 0.4ms)


Started GET "/api/v1/currencies" for 127.0.0.1 at 2018-02-13 14:05:30 -0500
Processing by Api::V1::CurrenciesController#index as */*
  [1m[36mCurrency Load (0.2ms)[0m  [1m[34mSELECT "currencies".* FROM "currencies"[0m
No serializer found for resource: #<Currency id: 1, original_currency: "ARS", conversion_currency: "BHD", amount_entered: 1232, created_at: "2018-02-13 19:03:02", updated_at: "2018-02-13 19:03:02">
[active_model_serializers] Rendered ActiveModel::Serializer::CollectionSerializer with Currency::ActiveRecord_Relation (0.22ms)
Completed 200 OK in 2ms (Views: 1.5ms | ActiveRecord: 0.2ms)


Started POST "/api/v1/currencies" for 127.0.0.1 at 2018-02-13 14:15:58 -0500
Processing by Api::V1::CurrenciesController#create as */*
  Parameters: {"original_currency"=>"BDT", "conversion_currency"=>"ANG", "amount_entered"=>"124", "currency"=>{"original_currency"=>"BDT", "conversion_currency"=>"ANG", "amount_entered"=>"124"}}
Unpermitted parameter: :currency
  [1m[35m (0.1ms)[0m  [1m[36mbegin transaction[0m
  [1m[35mSQL (0.3ms)[0m  [1m[32mINSERT INTO "currencies" ("original_currency", "conversion_currency", "amount_entered", "created_at", "updated_at") VALUES (?, ?, ?, ?, ?)[0m  [["original_currency", "BDT"], ["conversion_currency", "ANG"], ["amount_entered", 124], ["created_at", "2018-02-13 19:15:58.746405"], ["updated_at", "2018-02-13 19:15:58.746405"]]
  [1m[35m (1.0ms)[0m  [1m[36mcommit transaction[0m
[active_model_serializers] Rendered ActiveModel::Serializer::Null with Currency (0.24ms)
Completed 200 OK in 4ms (Views: 0.7ms | ActiveRecord: 1.4ms)


Started GET "/api/v1/currencies" for 127.0.0.1 at 2018-02-13 14:16:16 -0500
Processing by Api::V1::CurrenciesController#index as HTML
  [1m[36mCurrency Load (0.2ms)[0m  [1m[34mSELECT "currencies".* FROM "currencies"[0m
No serializer found for resource: #<Currency id: 1, original_currency: "ARS", conversion_currency: "BHD", amount_entered: 1232, created_at: "2018-02-13 19:03:02", updated_at: "2018-02-13 19:03:02">
[active_model_serializers] Rendered ActiveModel::Serializer::CollectionSerializer with Currency::ActiveRecord_Relation (0.4ms)
Completed 200 OK in 2ms (Views: 1.5ms | ActiveRecord: 0.2ms)


Started POST "/api/v1/currencies" for 127.0.0.1 at 2018-02-13 14:17:18 -0500
Processing by Api::V1::CurrenciesController#create as */*
  Parameters: {"original_currency"=>"AED", "conversion_currency"=>"AED", "amount_entered"=>"11111", "currency"=>{"original_currency"=>"AED", "conversion_currency"=>"AED", "amount_entered"=>"11111"}}
Unpermitted parameter: :currency
  [1m[35m (0.1ms)[0m  [1m[36mbegin transaction[0m
  [1m[35mSQL (0.4ms)[0m  [1m[32mINSERT INTO "currencies" ("original_currency", "conversion_currency", "amount_entered", "created_at", "updated_at") VALUES (?, ?, ?, ?, ?)[0m  [["original_currency", "AED"], ["conversion_currency", "AED"], ["amount_entered", 11111], ["created_at", "2018-02-13 19:17:18.131970"], ["updated_at", "2018-02-13 19:17:18.131970"]]
  [1m[35m (1.0ms)[0m  [1m[36mcommit transaction[0m
[active_model_serializers] Rendered ActiveModel::Serializer::Null with Currency (0.3ms)
Completed 200 OK in 4ms (Views: 0.8ms | ActiveRecord: 1.5ms)


Started GET "/api/v1/currencies" for 127.0.0.1 at 2018-02-13 14:17:55 -0500
Processing by Api::V1::CurrenciesController#index as */*
  [1m[36mCurrency Load (0.2ms)[0m  [1m[34mSELECT "currencies".* FROM "currencies"[0m
No serializer found for resource: #<Currency id: 1, original_currency: "ARS", conversion_currency: "BHD", amount_entered: 1232, created_at: "2018-02-13 19:03:02", updated_at: "2018-02-13 19:03:02">
[active_model_serializers] Rendered ActiveModel::Serializer::CollectionSerializer with Currency::ActiveRecord_Relation (0.65ms)
Completed 200 OK in 3ms (Views: 2.3ms | ActiveRecord: 0.2ms)


Started GET "/api/v1/currencies" for 127.0.0.1 at 2018-02-13 14:19:12 -0500
Processing by Api::V1::CurrenciesController#index as */*
  [1m[36mCurrency Load (0.3ms)[0m  [1m[34mSELECT "currencies".* FROM "currencies"[0m
No serializer found for resource: #<Currency id: 1, original_currency: "ARS", conversion_currency: "BHD", amount_entered: 1232, created_at: "2018-02-13 19:03:02", updated_at: "2018-02-13 19:03:02">
[active_model_serializers] Rendered ActiveModel::Serializer::CollectionSerializer with Currency::ActiveRecord_Relation (0.99ms)
Completed 200 OK in 4ms (Views: 3.4ms | ActiveRecord: 0.3ms)


Started GET "/api/v1/currencies" for 127.0.0.1 at 2018-02-13 14:19:53 -0500
Processing by Api::V1::CurrenciesController#index as */*
  [1m[36mCurrency Load (0.2ms)[0m  [1m[34mSELECT "currencies".* FROM "currencies"[0m
No serializer found for resource: #<Currency id: 1, original_currency: "ARS", conversion_currency: "BHD", amount_entered: 1232, created_at: "2018-02-13 19:03:02", updated_at: "2018-02-13 19:03:02">
[active_model_serializers] Rendered ActiveModel::Serializer::CollectionSerializer with Currency::ActiveRecord_Relation (0.69ms)
Completed 200 OK in 3ms (Views: 2.5ms | ActiveRecord: 0.2ms)


Started GET "/api/v1/currencies" for 127.0.0.1 at 2018-02-13 14:27:34 -0500
Processing by Api::V1::CurrenciesController#index as */*
  [1m[36mCurrency Load (0.2ms)[0m  [1m[34mSELECT "currencies".* FROM "currencies"[0m
No serializer found for resource: #<Currency id: 1, original_currency: "ARS", conversion_currency: "BHD", amount_entered: 1232, created_at: "2018-02-13 19:03:02", updated_at: "2018-02-13 19:03:02">
[active_model_serializers] Rendered ActiveModel::Serializer::CollectionSerializer with Currency::ActiveRecord_Relation (0.77ms)
Completed 200 OK in 3ms (Views: 2.5ms | ActiveRecord: 0.2ms)


Started GET "/api/v1/currencies" for 127.0.0.1 at 2018-02-13 14:28:11 -0500
Processing by Api::V1::CurrenciesController#index as */*
  [1m[36mCurrency Load (0.4ms)[0m  [1m[34mSELECT "currencies".* FROM "currencies"[0m
No serializer found for resource: #<Currency id: 1, original_currency: "ARS", conversion_currency: "BHD", amount_entered: 1232, created_at: "2018-02-13 19:03:02", updated_at: "2018-02-13 19:03:02">
[active_model_serializers] Rendered ActiveModel::Serializer::CollectionSerializer with Currency::ActiveRecord_Relation (1.05ms)
Completed 200 OK in 4ms (Views: 2.9ms | ActiveRecord: 0.4ms)


Started GET "/api/v1/currencies" for 127.0.0.1 at 2018-02-13 14:30:55 -0500
Processing by Api::V1::CurrenciesController#index as */*
  [1m[36mCurrency Load (0.2ms)[0m  [1m[34mSELECT "currencies".* FROM "currencies"[0m
No serializer found for resource: #<Currency id: 1, original_currency: "ARS", conversion_currency: "BHD", amount_entered: 1232, created_at: "2018-02-13 19:03:02", updated_at: "2018-02-13 19:03:02">
[active_model_serializers] Rendered ActiveModel::Serializer::CollectionSerializer with Currency::ActiveRecord_Relation (0.93ms)
Completed 200 OK in 4ms (Views: 3.1ms | ActiveRecord: 0.2ms)


Started GET "/api/v1/currencies" for 127.0.0.1 at 2018-02-13 14:30:56 -0500
Processing by Api::V1::CurrenciesController#index as */*
  [1m[36mCurrency Load (0.2ms)[0m  [1m[34mSELECT "currencies".* FROM "currencies"[0m
No serializer found for resource: #<Currency id: 1, original_currency: "ARS", conversion_currency: "BHD", amount_entered: 1232, created_at: "2018-02-13 19:03:02", updated_at: "2018-02-13 19:03:02">
[active_model_serializers] Rendered ActiveModel::Serializer::CollectionSerializer with Currency::ActiveRecord_Relation (0.64ms)
Completed 200 OK in 3ms (Views: 2.2ms | ActiveRecord: 0.2ms)


Started GET "/api/v1/currencies" for 127.0.0.1 at 2018-02-13 14:32:39 -0500
Processing by Api::V1::CurrenciesController#index as */*
  [1m[36mCurrency Load (0.3ms)[0m  [1m[34mSELECT "currencies".* FROM "currencies"[0m
No serializer found for resource: #<Currency id: 1, original_currency: "ARS", conversion_currency: "BHD", amount_entered: 1232, created_at: "2018-02-13 19:03:02", updated_at: "2018-02-13 19:03:02">
[active_model_serializers] Rendered ActiveModel::Serializer::CollectionSerializer with Currency::ActiveRecord_Relation (0.88ms)
Completed 200 OK in 4ms (Views: 3.0ms | ActiveRecord: 0.3ms)


Started GET "/api/v1/currencies" for 127.0.0.1 at 2018-02-13 14:32:41 -0500
Processing by Api::V1::CurrenciesController#index as */*
  [1m[36mCurrency Load (0.2ms)[0m  [1m[34mSELECT "currencies".* FROM "currencies"[0m
No serializer found for resource: #<Currency id: 1, original_currency: "ARS", conversion_currency: "BHD", amount_entered: 1232, created_at: "2018-02-13 19:03:02", updated_at: "2018-02-13 19:03:02">
[active_model_serializers] Rendered ActiveModel::Serializer::CollectionSerializer with Currency::ActiveRecord_Relation (0.6ms)
Completed 200 OK in 2ms (Views: 1.9ms | ActiveRecord: 0.2ms)


Started GET "/api/v1/currencies" for 127.0.0.1 at 2018-02-13 14:32:56 -0500
Processing by Api::V1::CurrenciesController#index as */*
  [1m[36mCurrency Load (0.2ms)[0m  [1m[34mSELECT "currencies".* FROM "currencies"[0m
No serializer found for resource: #<Currency id: 1, original_currency: "ARS", conversion_currency: "BHD", amount_entered: 1232, created_at: "2018-02-13 19:03:02", updated_at: "2018-02-13 19:03:02">
[active_model_serializers] Rendered ActiveModel::Serializer::CollectionSerializer with Currency::ActiveRecord_Relation (1.02ms)
Completed 200 OK in 3ms (Views: 2.8ms | ActiveRecord: 0.2ms)


Started GET "/api/v1/currencies" for 127.0.0.1 at 2018-02-13 14:34:38 -0500
Processing by Api::V1::CurrenciesController#index as */*
  [1m[36mCurrency Load (0.3ms)[0m  [1m[34mSELECT "currencies".* FROM "currencies"[0m
No serializer found for resource: #<Currency id: 1, original_currency: "ARS", conversion_currency: "BHD", amount_entered: 1232, created_at: "2018-02-13 19:03:02", updated_at: "2018-02-13 19:03:02">
[active_model_serializers] Rendered ActiveModel::Serializer::CollectionSerializer with Currency::ActiveRecord_Relation (0.85ms)
Completed 200 OK in 4ms (Views: 3.2ms | ActiveRecord: 0.3ms)


Started GET "/api/v1/currencies" for 127.0.0.1 at 2018-02-13 14:35:14 -0500
Processing by Api::V1::CurrenciesController#index as */*
  [1m[36mCurrency Load (0.3ms)[0m  [1m[34mSELECT "currencies".* FROM "currencies"[0m
No serializer found for resource: #<Currency id: 1, original_currency: "ARS", conversion_currency: "BHD", amount_entered: 1232, created_at: "2018-02-13 19:03:02", updated_at: "2018-02-13 19:03:02">
[active_model_serializers] Rendered ActiveModel::Serializer::CollectionSerializer with Currency::ActiveRecord_Relation (1.13ms)
Completed 200 OK in 4ms (Views: 3.3ms | ActiveRecord: 0.3ms)


Started GET "/api/v1/currencies" for 127.0.0.1 at 2018-02-13 14:35:18 -0500
Processing by Api::V1::CurrenciesController#index as */*
  [1m[36mCurrency Load (0.3ms)[0m  [1m[34mSELECT "currencies".* FROM "currencies"[0m
No serializer found for resource: #<Currency id: 1, original_currency: "ARS", conversion_currency: "BHD", amount_entered: 1232, created_at: "2018-02-13 19:03:02", updated_at: "2018-02-13 19:03:02">
[active_model_serializers] Rendered ActiveModel::Serializer::CollectionSerializer with Currency::ActiveRecord_Relation (0.82ms)
Completed 200 OK in 4ms (Views: 2.9ms | ActiveRecord: 0.3ms)


Started GET "/api/v1/currencies" for 127.0.0.1 at 2018-02-13 14:36:26 -0500
Processing by Api::V1::CurrenciesController#index as */*
  [1m[36mCurrency Load (0.3ms)[0m  [1m[34mSELECT "currencies".* FROM "currencies"[0m
No serializer found for resource: #<Currency id: 1, original_currency: "ARS", conversion_currency: "BHD", amount_entered: 1232, created_at: "2018-02-13 19:03:02", updated_at: "2018-02-13 19:03:02">
[active_model_serializers] Rendered ActiveModel::Serializer::CollectionSerializer with Currency::ActiveRecord_Relation (0.71ms)
Completed 200 OK in 4ms (Views: 3.2ms | ActiveRecord: 0.3ms)


Started GET "/api/v1/currencies" for 127.0.0.1 at 2018-02-13 14:36:37 -0500
Processing by Api::V1::CurrenciesController#index as */*
  [1m[36mCurrency Load (0.2ms)[0m  [1m[34mSELECT "currencies".* FROM "currencies"[0m
No serializer found for resource: #<Currency id: 1, original_currency: "ARS", conversion_currency: "BHD", amount_entered: 1232, created_at: "2018-02-13 19:03:02", updated_at: "2018-02-13 19:03:02">
[active_model_serializers] Rendered ActiveModel::Serializer::CollectionSerializer with Currency::ActiveRecord_Relation (0.78ms)
Completed 200 OK in 3ms (Views: 2.8ms | ActiveRecord: 0.2ms)


Started GET "/api/v1/currencies" for 127.0.0.1 at 2018-02-13 14:37:13 -0500
Processing by Api::V1::CurrenciesController#index as */*
  [1m[36mCurrency Load (0.3ms)[0m  [1m[34mSELECT "currencies".* FROM "currencies"[0m
No serializer found for resource: #<Currency id: 1, original_currency: "ARS", conversion_currency: "BHD", amount_entered: 1232, created_at: "2018-02-13 19:03:02", updated_at: "2018-02-13 19:03:02">
[active_model_serializers] Rendered ActiveModel::Serializer::CollectionSerializer with Currency::ActiveRecord_Relation (0.48ms)
Completed 200 OK in 3ms (Views: 2.3ms | ActiveRecord: 0.3ms)


Started POST "/api/v1/currencies" for 127.0.0.1 at 2018-02-13 14:37:23 -0500
Processing by Api::V1::CurrenciesController#create as */*
  Parameters: {"original_currency"=>"DZD", "conversion_currency"=>"GTQ", "amount_entered"=>"12391837198739812", "currency"=>{"original_currency"=>"DZD", "conversion_currency"=>"GTQ", "amount_entered"=>"12391837198739812"}}
Unpermitted parameter: :currency
  [1m[35m (0.1ms)[0m  [1m[36mbegin transaction[0m
  [1m[35m (0.1ms)[0m  [1m[31mrollback transaction[0m
Completed 500 Internal Server Error in 2ms (ActiveRecord: 0.1ms)


  
ActiveModel::RangeError (12391837198739812 is out of range for ActiveModel::Type::Integer with limit 4 bytes):
  
app/controllers/api/v1/currencies_controller.rb:9:in `create'
Started GET "/api/v1/currencies" for 127.0.0.1 at 2018-02-13 14:37:25 -0500
Processing by Api::V1::CurrenciesController#index as */*
  [1m[36mCurrency Load (0.2ms)[0m  [1m[34mSELECT "currencies".* FROM "currencies"[0m
No serializer found for resource: #<Currency id: 1, original_currency: "ARS", conversion_currency: "BHD", amount_entered: 1232, created_at: "2018-02-13 19:03:02", updated_at: "2018-02-13 19:03:02">
[active_model_serializers] Rendered ActiveModel::Serializer::CollectionSerializer with Currency::ActiveRecord_Relation (0.76ms)
Completed 200 OK in 3ms (Views: 2.3ms | ActiveRecord: 0.2ms)


Started GET "/api/v1/currencies" for 127.0.0.1 at 2018-02-13 14:37:32 -0500
Processing by Api::V1::CurrenciesController#index as */*
  [1m[36mCurrency Load (0.2ms)[0m  [1m[34mSELECT "currencies".* FROM "currencies"[0m
No serializer found for resource: #<Currency id: 1, original_currency: "ARS", conversion_currency: "BHD", amount_entered: 1232, created_at: "2018-02-13 19:03:02", updated_at: "2018-02-13 19:03:02">
[active_model_serializers] Rendered ActiveModel::Serializer::CollectionSerializer with Currency::ActiveRecord_Relation (0.55ms)
Completed 200 OK in 2ms (Views: 1.8ms | ActiveRecord: 0.2ms)


Started GET "/api/v1/currencies" for 127.0.0.1 at 2018-02-13 14:37:33 -0500
Processing by Api::V1::CurrenciesController#index as */*
  [1m[36mCurrency Load (0.2ms)[0m  [1m[34mSELECT "currencies".* FROM "currencies"[0m
No serializer found for resource: #<Currency id: 1, original_currency: "ARS", conversion_currency: "BHD", amount_entered: 1232, created_at: "2018-02-13 19:03:02", updated_at: "2018-02-13 19:03:02">
[active_model_serializers] Rendered ActiveModel::Serializer::CollectionSerializer with Currency::ActiveRecord_Relation (0.5ms)
Completed 200 OK in 2ms (Views: 1.8ms | ActiveRecord: 0.2ms)


Started GET "/api/v1/currencies" for 127.0.0.1 at 2018-02-13 14:37:33 -0500
Processing by Api::V1::CurrenciesController#index as */*
  [1m[36mCurrency Load (0.3ms)[0m  [1m[34mSELECT "currencies".* FROM "currencies"[0m
No serializer found for resource: #<Currency id: 1, original_currency: "ARS", conversion_currency: "BHD", amount_entered: 1232, created_at: "2018-02-13 19:03:02", updated_at: "2018-02-13 19:03:02">
[active_model_serializers] Rendered ActiveModel::Serializer::CollectionSerializer with Currency::ActiveRecord_Relation (0.73ms)
Completed 200 OK in 3ms (Views: 2.3ms | ActiveRecord: 0.3ms)


Started GET "/api/v1/currencies" for 127.0.0.1 at 2018-02-13 14:37:34 -0500
Processing by Api::V1::CurrenciesController#index as */*
  [1m[36mCurrency Load (0.3ms)[0m  [1m[34mSELECT "currencies".* FROM "currencies"[0m
No serializer found for resource: #<Currency id: 1, original_currency: "ARS", conversion_currency: "BHD", amount_entered: 1232, created_at: "2018-02-13 19:03:02", updated_at: "2018-02-13 19:03:02">
[active_model_serializers] Rendered ActiveModel::Serializer::CollectionSerializer with Currency::ActiveRecord_Relation (0.66ms)
Completed 200 OK in 3ms (Views: 2.4ms | ActiveRecord: 0.2ms)


Started GET "/api/v1/currencies" for 127.0.0.1 at 2018-02-13 14:37:34 -0500
Processing by Api::V1::CurrenciesController#index as */*
  [1m[36mCurrency Load (0.2ms)[0m  [1m[34mSELECT "currencies".* FROM "currencies"[0m
No serializer found for resource: #<Currency id: 1, original_currency: "ARS", conversion_currency: "BHD", amount_entered: 1232, created_at: "2018-02-13 19:03:02", updated_at: "2018-02-13 19:03:02">
[active_model_serializers] Rendered ActiveModel::Serializer::CollectionSerializer with Currency::ActiveRecord_Relation (0.49ms)
Completed 200 OK in 2ms (Views: 1.7ms | ActiveRecord: 0.2ms)


Started GET "/api/v1/currencies" for 127.0.0.1 at 2018-02-13 14:37:35 -0500
Processing by Api::V1::CurrenciesController#index as */*
  [1m[36mCurrency Load (0.2ms)[0m  [1m[34mSELECT "currencies".* FROM "currencies"[0m
No serializer found for resource: #<Currency id: 1, original_currency: "ARS", conversion_currency: "BHD", amount_entered: 1232, created_at: "2018-02-13 19:03:02", updated_at: "2018-02-13 19:03:02">
[active_model_serializers] Rendered ActiveModel::Serializer::CollectionSerializer with Currency::ActiveRecord_Relation (0.49ms)
Completed 200 OK in 3ms (Views: 2.1ms | ActiveRecord: 0.2ms)


Started GET "/api/v1/currencies" for 127.0.0.1 at 2018-02-13 14:37:35 -0500
Processing by Api::V1::CurrenciesController#index as */*
  [1m[36mCurrency Load (0.3ms)[0m  [1m[34mSELECT "currencies".* FROM "currencies"[0m
No serializer found for resource: #<Currency id: 1, original_currency: "ARS", conversion_currency: "BHD", amount_entered: 1232, created_at: "2018-02-13 19:03:02", updated_at: "2018-02-13 19:03:02">
[active_model_serializers] Rendered ActiveModel::Serializer::CollectionSerializer with Currency::ActiveRecord_Relation (0.78ms)
Completed 200 OK in 4ms (Views: 3.0ms | ActiveRecord: 0.3ms)


Started GET "/api/v1/currencies" for 127.0.0.1 at 2018-02-13 14:37:36 -0500
Processing by Api::V1::CurrenciesController#index as */*
  [1m[36mCurrency Load (0.3ms)[0m  [1m[34mSELECT "currencies".* FROM "currencies"[0m
No serializer found for resource: #<Currency id: 1, original_currency: "ARS", conversion_currency: "BHD", amount_entered: 1232, created_at: "2018-02-13 19:03:02", updated_at: "2018-02-13 19:03:02">
[active_model_serializers] Rendered ActiveModel::Serializer::CollectionSerializer with Currency::ActiveRecord_Relation (0.73ms)
Completed 200 OK in 3ms (Views: 2.3ms | ActiveRecord: 0.3ms)


Started GET "/api/v1/currencies" for 127.0.0.1 at 2018-02-13 14:37:38 -0500
Processing by Api::V1::CurrenciesController#index as */*
  [1m[36mCurrency Load (0.3ms)[0m  [1m[34mSELECT "currencies".* FROM "currencies"[0m
No serializer found for resource: #<Currency id: 1, original_currency: "ARS", conversion_currency: "BHD", amount_entered: 1232, created_at: "2018-02-13 19:03:02", updated_at: "2018-02-13 19:03:02">
[active_model_serializers] Rendered ActiveModel::Serializer::CollectionSerializer with Currency::ActiveRecord_Relation (0.59ms)
Completed 200 OK in 2ms (Views: 1.9ms | ActiveRecord: 0.3ms)


Started GET "/api/v1/currencies" for 127.0.0.1 at 2018-02-13 14:37:39 -0500
Processing by Api::V1::CurrenciesController#index as */*
  [1m[36mCurrency Load (0.2ms)[0m  [1m[34mSELECT "currencies".* FROM "currencies"[0m
No serializer found for resource: #<Currency id: 1, original_currency: "ARS", conversion_currency: "BHD", amount_entered: 1232, created_at: "2018-02-13 19:03:02", updated_at: "2018-02-13 19:03:02">
[active_model_serializers] Rendered ActiveModel::Serializer::CollectionSerializer with Currency::ActiveRecord_Relation (0.98ms)
Completed 200 OK in 4ms (Views: 3.0ms | ActiveRecord: 0.2ms)


Started GET "/api/v1/currencies" for 127.0.0.1 at 2018-02-13 14:37:39 -0500
Processing by Api::V1::CurrenciesController#index as */*
  [1m[36mCurrency Load (0.3ms)[0m  [1m[34mSELECT "currencies".* FROM "currencies"[0m
No serializer found for resource: #<Currency id: 1, original_currency: "ARS", conversion_currency: "BHD", amount_entered: 1232, created_at: "2018-02-13 19:03:02", updated_at: "2018-02-13 19:03:02">
[active_model_serializers] Rendered ActiveModel::Serializer::CollectionSerializer with Currency::ActiveRecord_Relation (0.7ms)
Completed 200 OK in 3ms (Views: 2.3ms | ActiveRecord: 0.3ms)


Started GET "/api/v1/currencies" for 127.0.0.1 at 2018-02-13 14:37:40 -0500
Processing by Api::V1::CurrenciesController#index as */*
  [1m[36mCurrency Load (0.2ms)[0m  [1m[34mSELECT "currencies".* FROM "currencies"[0m
No serializer found for resource: #<Currency id: 1, original_currency: "ARS", conversion_currency: "BHD", amount_entered: 1232, created_at: "2018-02-13 19:03:02", updated_at: "2018-02-13 19:03:02">
[active_model_serializers] Rendered ActiveModel::Serializer::CollectionSerializer with Currency::ActiveRecord_Relation (0.83ms)
Completed 200 OK in 3ms (Views: 2.3ms | ActiveRecord: 0.2ms)


Started GET "/api/v1/currencies" for 127.0.0.1 at 2018-02-13 14:37:40 -0500
Processing by Api::V1::CurrenciesController#index as */*
  [1m[36mCurrency Load (0.3ms)[0m  [1m[34mSELECT "currencies".* FROM "currencies"[0m
No serializer found for resource: #<Currency id: 1, original_currency: "ARS", conversion_currency: "BHD", amount_entered: 1232, created_at: "2018-02-13 19:03:02", updated_at: "2018-02-13 19:03:02">
[active_model_serializers] Rendered ActiveModel::Serializer::CollectionSerializer with Currency::ActiveRecord_Relation (0.92ms)
Completed 200 OK in 3ms (Views: 2.8ms | ActiveRecord: 0.3ms)


Started GET "/api/v1/currencies" for 127.0.0.1 at 2018-02-13 14:37:41 -0500
Processing by Api::V1::CurrenciesController#index as */*
  [1m[36mCurrency Load (0.2ms)[0m  [1m[34mSELECT "currencies".* FROM "currencies"[0m
No serializer found for resource: #<Currency id: 1, original_currency: "ARS", conversion_currency: "BHD", amount_entered: 1232, created_at: "2018-02-13 19:03:02", updated_at: "2018-02-13 19:03:02">
[active_model_serializers] Rendered ActiveModel::Serializer::CollectionSerializer with Currency::ActiveRecord_Relation (0.57ms)
Completed 200 OK in 2ms (Views: 2.0ms | ActiveRecord: 0.2ms)


Started GET "/api/v1/currencies" for 127.0.0.1 at 2018-02-13 14:37:42 -0500
Processing by Api::V1::CurrenciesController#index as */*
  [1m[36mCurrency Load (0.2ms)[0m  [1m[34mSELECT "currencies".* FROM "currencies"[0m
No serializer found for resource: #<Currency id: 1, original_currency: "ARS", conversion_currency: "BHD", amount_entered: 1232, created_at: "2018-02-13 19:03:02", updated_at: "2018-02-13 19:03:02">
[active_model_serializers] Rendered ActiveModel::Serializer::CollectionSerializer with Currency::ActiveRecord_Relation (0.57ms)
Completed 200 OK in 3ms (Views: 2.1ms | ActiveRecord: 0.2ms)


Started GET "/api/v1/currencies" for 127.0.0.1 at 2018-02-13 14:37:44 -0500
Processing by Api::V1::CurrenciesController#index as */*
  [1m[36mCurrency Load (0.2ms)[0m  [1m[34mSELECT "currencies".* FROM "currencies"[0m
No serializer found for resource: #<Currency id: 1, original_currency: "ARS", conversion_currency: "BHD", amount_entered: 1232, created_at: "2018-02-13 19:03:02", updated_at: "2018-02-13 19:03:02">
[active_model_serializers] Rendered ActiveModel::Serializer::CollectionSerializer with Currency::ActiveRecord_Relation (0.54ms)
Completed 200 OK in 3ms (Views: 2.1ms | ActiveRecord: 0.2ms)


Started GET "/api/v1/currencies" for 127.0.0.1 at 2018-02-13 14:37:44 -0500
Processing by Api::V1::CurrenciesController#index as */*
  [1m[36mCurrency Load (0.2ms)[0m  [1m[34mSELECT "currencies".* FROM "currencies"[0m
No serializer found for resource: #<Currency id: 1, original_currency: "ARS", conversion_currency: "BHD", amount_entered: 1232, created_at: "2018-02-13 19:03:02", updated_at: "2018-02-13 19:03:02">
[active_model_serializers] Rendered ActiveModel::Serializer::CollectionSerializer with Currency::ActiveRecord_Relation (0.6ms)
Completed 200 OK in 2ms (Views: 2.0ms | ActiveRecord: 0.2ms)


Started GET "/api/v1/currencies" for 127.0.0.1 at 2018-02-13 14:37:45 -0500
Processing by Api::V1::CurrenciesController#index as */*
  [1m[36mCurrency Load (0.2ms)[0m  [1m[34mSELECT "currencies".* FROM "currencies"[0m
No serializer found for resource: #<Currency id: 1, original_currency: "ARS", conversion_currency: "BHD", amount_entered: 1232, created_at: "2018-02-13 19:03:02", updated_at: "2018-02-13 19:03:02">
[active_model_serializers] Rendered ActiveModel::Serializer::CollectionSerializer with Currency::ActiveRecord_Relation (0.56ms)
Completed 200 OK in 3ms (Views: 2.3ms | ActiveRecord: 0.2ms)


Started POST "/api/v1/currencies" for 127.0.0.1 at 2018-02-13 14:38:04 -0500
Processing by Api::V1::CurrenciesController#create as */*
  Parameters: {"original_currency"=>"BIF", "conversion_currency"=>"AZN", "amount_entered"=>"1231332", "currency"=>{"original_currency"=>"BIF", "conversion_currency"=>"AZN", "amount_entered"=>"1231332"}}
Unpermitted parameter: :currency
  [1m[35m (0.1ms)[0m  [1m[36mbegin transaction[0m
  [1m[35mSQL (0.4ms)[0m  [1m[32mINSERT INTO "currencies" ("original_currency", "conversion_currency", "amount_entered", "created_at", "updated_at") VALUES (?, ?, ?, ?, ?)[0m  [["original_currency", "BIF"], ["conversion_currency", "AZN"], ["amount_entered", 1231332], ["created_at", "2018-02-13 19:38:04.083418"], ["updated_at", "2018-02-13 19:38:04.083418"]]
  [1m[35m (1.2ms)[0m  [1m[36mcommit transaction[0m
[active_model_serializers] Rendered ActiveModel::Serializer::Null with Currency (0.26ms)
Completed 200 OK in 5ms (Views: 0.7ms | ActiveRecord: 1.7ms)


Started GET "/api/v1/currencies" for 127.0.0.1 at 2018-02-13 14:38:05 -0500
Processing by Api::V1::CurrenciesController#index as */*
  [1m[36mCurrency Load (0.3ms)[0m  [1m[34mSELECT "currencies".* FROM "currencies"[0m
No serializer found for resource: #<Currency id: 1, original_currency: "ARS", conversion_currency: "BHD", amount_entered: 1232, created_at: "2018-02-13 19:03:02", updated_at: "2018-02-13 19:03:02">
[active_model_serializers] Rendered ActiveModel::Serializer::CollectionSerializer with Currency::ActiveRecord_Relation (1.09ms)
Completed 200 OK in 4ms (Views: 3.1ms | ActiveRecord: 0.3ms)


Started POST "/api/v1/currencies" for 127.0.0.1 at 2018-02-13 14:38:12 -0500
Processing by Api::V1::CurrenciesController#create as */*
  Parameters: {"original_currency"=>"COP", "conversion_currency"=>"BYN", "amount_entered"=>"123112312213312", "currency"=>{"original_currency"=>"COP", "conversion_currency"=>"BYN", "amount_entered"=>"123112312213312"}}
Unpermitted parameter: :currency
  [1m[35m (0.1ms)[0m  [1m[36mbegin transaction[0m
  [1m[35m (0.1ms)[0m  [1m[31mrollback transaction[0m
Completed 500 Internal Server Error in 2ms (ActiveRecord: 0.1ms)


  
ActiveModel::RangeError (123112312213312 is out of range for ActiveModel::Type::Integer with limit 4 bytes):
  
app/controllers/api/v1/currencies_controller.rb:9:in `create'
Started GET "/api/v1/currencies" for 127.0.0.1 at 2018-02-13 14:38:13 -0500
Processing by Api::V1::CurrenciesController#index as */*
  [1m[36mCurrency Load (0.4ms)[0m  [1m[34mSELECT "currencies".* FROM "currencies"[0m
No serializer found for resource: #<Currency id: 1, original_currency: "ARS", conversion_currency: "BHD", amount_entered: 1232, created_at: "2018-02-13 19:03:02", updated_at: "2018-02-13 19:03:02">
[active_model_serializers] Rendered ActiveModel::Serializer::CollectionSerializer with Currency::ActiveRecord_Relation (1.28ms)
Completed 200 OK in 4ms (Views: 3.5ms | ActiveRecord: 0.4ms)


Started GET "/api/v1/currencies" for 127.0.0.1 at 2018-02-13 14:38:19 -0500
Processing by Api::V1::CurrenciesController#index as HTML
  [1m[36mCurrency Load (0.2ms)[0m  [1m[34mSELECT "currencies".* FROM "currencies"[0m
No serializer found for resource: #<Currency id: 1, original_currency: "ARS", conversion_currency: "BHD", amount_entered: 1232, created_at: "2018-02-13 19:03:02", updated_at: "2018-02-13 19:03:02">
[active_model_serializers] Rendered ActiveModel::Serializer::CollectionSerializer with Currency::ActiveRecord_Relation (0.63ms)
Completed 200 OK in 2ms (Views: 1.6ms | ActiveRecord: 0.2ms)


Started POST "/api/v1/currencies" for 127.0.0.1 at 2018-02-13 14:38:25 -0500
Processing by Api::V1::CurrenciesController#create as */*
  Parameters: {"original_currency"=>"AOA", "conversion_currency"=>"AOA", "amount_entered"=>"1231212323", "currency"=>{"original_currency"=>"AOA", "conversion_currency"=>"AOA", "amount_entered"=>"1231212323"}}
Unpermitted parameter: :currency
  [1m[35m (0.1ms)[0m  [1m[36mbegin transaction[0m
  [1m[35mSQL (0.5ms)[0m  [1m[32mINSERT INTO "currencies" ("original_currency", "conversion_currency", "amount_entered", "created_at", "updated_at") VALUES (?, ?, ?, ?, ?)[0m  [["original_currency", "AOA"], ["conversion_currency", "AOA"], ["amount_entered", 1231212323], ["created_at", "2018-02-13 19:38:25.707274"], ["updated_at", "2018-02-13 19:38:25.707274"]]
  [1m[35m (1.2ms)[0m  [1m[36mcommit transaction[0m
[active_model_serializers] Rendered ActiveModel::Serializer::Null with Currency (0.44ms)
Completed 200 OK in 6ms (Views: 1.1ms | ActiveRecord: 1.9ms)


Started GET "/api/v1/currencies" for 127.0.0.1 at 2018-02-13 14:38:27 -0500
Processing by Api::V1::CurrenciesController#index as HTML
  [1m[36mCurrency Load (0.2ms)[0m  [1m[34mSELECT "currencies".* FROM "currencies"[0m
No serializer found for resource: #<Currency id: 1, original_currency: "ARS", conversion_currency: "BHD", amount_entered: 1232, created_at: "2018-02-13 19:03:02", updated_at: "2018-02-13 19:03:02">
[active_model_serializers] Rendered ActiveModel::Serializer::CollectionSerializer with Currency::ActiveRecord_Relation (0.92ms)
Completed 200 OK in 3ms (Views: 2.2ms | ActiveRecord: 0.2ms)


Started GET "/api/v1/currencies" for 127.0.0.1 at 2018-02-13 14:38:28 -0500
Processing by Api::V1::CurrenciesController#index as HTML
  [1m[36mCurrency Load (0.2ms)[0m  [1m[34mSELECT "currencies".* FROM "currencies"[0m
No serializer found for resource: #<Currency id: 1, original_currency: "ARS", conversion_currency: "BHD", amount_entered: 1232, created_at: "2018-02-13 19:03:02", updated_at: "2018-02-13 19:03:02">
[active_model_serializers] Rendered ActiveModel::Serializer::CollectionSerializer with Currency::ActiveRecord_Relation (0.79ms)
Completed 200 OK in 2ms (Views: 1.9ms | ActiveRecord: 0.2ms)


Started GET "/api/v1/currencies" for 127.0.0.1 at 2018-02-13 14:38:29 -0500
Processing by Api::V1::CurrenciesController#index as HTML
  [1m[36mCurrency Load (0.2ms)[0m  [1m[34mSELECT "currencies".* FROM "currencies"[0m
No serializer found for resource: #<Currency id: 1, original_currency: "ARS", conversion_currency: "BHD", amount_entered: 1232, created_at: "2018-02-13 19:03:02", updated_at: "2018-02-13 19:03:02">
[active_model_serializers] Rendered ActiveModel::Serializer::CollectionSerializer with Currency::ActiveRecord_Relation (0.79ms)
Completed 200 OK in 2ms (Views: 1.9ms | ActiveRecord: 0.2ms)


Started GET "/api/v1/currencies" for 127.0.0.1 at 2018-02-13 14:38:31 -0500
Processing by Api::V1::CurrenciesController#index as */*
  [1m[36mCurrency Load (0.2ms)[0m  [1m[34mSELECT "currencies".* FROM "currencies"[0m
No serializer found for resource: #<Currency id: 1, original_currency: "ARS", conversion_currency: "BHD", amount_entered: 1232, created_at: "2018-02-13 19:03:02", updated_at: "2018-02-13 19:03:02">
[active_model_serializers] Rendered ActiveModel::Serializer::CollectionSerializer with Currency::ActiveRecord_Relation (1.45ms)
Completed 200 OK in 4ms (Views: 3.2ms | ActiveRecord: 0.2ms)


Started GET "/api/v1/currencies" for 127.0.0.1 at 2018-02-13 14:38:33 -0500
Processing by Api::V1::CurrenciesController#index as */*
  [1m[36mCurrency Load (0.2ms)[0m  [1m[34mSELECT "currencies".* FROM "currencies"[0m
No serializer found for resource: #<Currency id: 1, original_currency: "ARS", conversion_currency: "BHD", amount_entered: 1232, created_at: "2018-02-13 19:03:02", updated_at: "2018-02-13 19:03:02">
[active_model_serializers] Rendered ActiveModel::Serializer::CollectionSerializer with Currency::ActiveRecord_Relation (0.96ms)
Completed 200 OK in 3ms (Views: 2.1ms | ActiveRecord: 0.2ms)


Started GET "/api/v1/currencies" for 127.0.0.1 at 2018-02-13 14:38:37 -0500
Processing by Api::V1::CurrenciesController#index as */*
  [1m[36mCurrency Load (0.2ms)[0m  [1m[34mSELECT "currencies".* FROM "currencies"[0m
No serializer found for resource: #<Currency id: 1, original_currency: "ARS", conversion_currency: "BHD", amount_entered: 1232, created_at: "2018-02-13 19:03:02", updated_at: "2018-02-13 19:03:02">
[active_model_serializers] Rendered ActiveModel::Serializer::CollectionSerializer with Currency::ActiveRecord_Relation (1.07ms)
Completed 200 OK in 3ms (Views: 2.7ms | ActiveRecord: 0.2ms)


Started POST "/api/v1/currencies" for 127.0.0.1 at 2018-02-13 14:38:49 -0500
Processing by Api::V1::CurrenciesController#create as */*
  Parameters: {"original_currency"=>"ISK", "conversion_currency"=>"INR", "amount_entered"=>"213413243241", "currency"=>{"original_currency"=>"ISK", "conversion_currency"=>"INR", "amount_entered"=>"213413243241"}}
Unpermitted parameter: :currency
  [1m[35m (0.1ms)[0m  [1m[36mbegin transaction[0m
  [1m[35m (0.0ms)[0m  [1m[31mrollback transaction[0m
Completed 500 Internal Server Error in 2ms (ActiveRecord: 0.1ms)


  
ActiveModel::RangeError (213413243241 is out of range for ActiveModel::Type::Integer with limit 4 bytes):
  
app/controllers/api/v1/currencies_controller.rb:9:in `create'
Started GET "/api/v1/currencies" for 127.0.0.1 at 2018-02-13 14:38:50 -0500
Processing by Api::V1::CurrenciesController#index as HTML
  [1m[36mCurrency Load (0.2ms)[0m  [1m[34mSELECT "currencies".* FROM "currencies"[0m
No serializer found for resource: #<Currency id: 1, original_currency: "ARS", conversion_currency: "BHD", amount_entered: 1232, created_at: "2018-02-13 19:03:02", updated_at: "2018-02-13 19:03:02">
[active_model_serializers] Rendered ActiveModel::Serializer::CollectionSerializer with Currency::ActiveRecord_Relation (0.77ms)
Completed 200 OK in 2ms (Views: 1.8ms | ActiveRecord: 0.2ms)


Started GET "/api/v1/currencies" for 127.0.0.1 at 2018-02-13 14:38:52 -0500
Processing by Api::V1::CurrenciesController#index as HTML
  [1m[36mCurrency Load (0.2ms)[0m  [1m[34mSELECT "currencies".* FROM "currencies"[0m
No serializer found for resource: #<Currency id: 1, original_currency: "ARS", conversion_currency: "BHD", amount_entered: 1232, created_at: "2018-02-13 19:03:02", updated_at: "2018-02-13 19:03:02">
[active_model_serializers] Rendered ActiveModel::Serializer::CollectionSerializer with Currency::ActiveRecord_Relation (0.76ms)
Completed 200 OK in 2ms (Views: 1.7ms | ActiveRecord: 0.2ms)


Started GET "/api/v1/currencies" for 127.0.0.1 at 2018-02-13 14:38:52 -0500
Processing by Api::V1::CurrenciesController#index as HTML
  [1m[36mCurrency Load (0.2ms)[0m  [1m[34mSELECT "currencies".* FROM "currencies"[0m
No serializer found for resource: #<Currency id: 1, original_currency: "ARS", conversion_currency: "BHD", amount_entered: 1232, created_at: "2018-02-13 19:03:02", updated_at: "2018-02-13 19:03:02">
[active_model_serializers] Rendered ActiveModel::Serializer::CollectionSerializer with Currency::ActiveRecord_Relation (0.74ms)
Completed 200 OK in 2ms (Views: 1.9ms | ActiveRecord: 0.2ms)


Started GET "/api/v1/currencies" for 127.0.0.1 at 2018-02-13 14:39:01 -0500
Processing by Api::V1::CurrenciesController#index as HTML
  [1m[36mCurrency Load (0.2ms)[0m  [1m[34mSELECT "currencies".* FROM "currencies"[0m
No serializer found for resource: #<Currency id: 1, original_currency: "ARS", conversion_currency: "BHD", amount_entered: 1232, created_at: "2018-02-13 19:03:02", updated_at: "2018-02-13 19:03:02">
[active_model_serializers] Rendered ActiveModel::Serializer::CollectionSerializer with Currency::ActiveRecord_Relation (0.76ms)
Completed 200 OK in 2ms (Views: 1.8ms | ActiveRecord: 0.2ms)


Started GET "/api/v1/currencies" for 127.0.0.1 at 2018-02-13 14:39:04 -0500
Processing by Api::V1::CurrenciesController#index as */*
  [1m[36mCurrency Load (0.2ms)[0m  [1m[34mSELECT "currencies".* FROM "currencies"[0m
No serializer found for resource: #<Currency id: 1, original_currency: "ARS", conversion_currency: "BHD", amount_entered: 1232, created_at: "2018-02-13 19:03:02", updated_at: "2018-02-13 19:03:02">
[active_model_serializers] Rendered ActiveModel::Serializer::CollectionSerializer with Currency::ActiveRecord_Relation (0.86ms)
Completed 200 OK in 3ms (Views: 2.1ms | ActiveRecord: 0.2ms)


Started POST "/api/v1/currencies" for 127.0.0.1 at 2018-02-13 14:39:47 -0500
Processing by Api::V1::CurrenciesController#create as */*
  Parameters: {"original_currency"=>"USD", "conversion_currency"=>"USD", "amount_entered"=>"44444444", "currency"=>{"original_currency"=>"USD", "conversion_currency"=>"USD", "amount_entered"=>"44444444"}}
Unpermitted parameter: :currency
  [1m[35m (0.1ms)[0m  [1m[36mbegin transaction[0m
  [1m[35mSQL (0.4ms)[0m  [1m[32mINSERT INTO "currencies" ("original_currency", "conversion_currency", "amount_entered", "created_at", "updated_at") VALUES (?, ?, ?, ?, ?)[0m  [["original_currency", "USD"], ["conversion_currency", "USD"], ["amount_entered", 44444444], ["created_at", "2018-02-13 19:39:47.135382"], ["updated_at", "2018-02-13 19:39:47.135382"]]
  [1m[35m (1.3ms)[0m  [1m[36mcommit transaction[0m
[active_model_serializers] Rendered ActiveModel::Serializer::Null with Currency (0.29ms)
Completed 200 OK in 5ms (Views: 0.8ms | ActiveRecord: 1.8ms)


Started GET "/api/v1/currencies" for 127.0.0.1 at 2018-02-13 14:39:49 -0500
Processing by Api::V1::CurrenciesController#index as HTML
  [1m[36mCurrency Load (0.2ms)[0m  [1m[34mSELECT "currencies".* FROM "currencies"[0m
No serializer found for resource: #<Currency id: 1, original_currency: "ARS", conversion_currency: "BHD", amount_entered: 1232, created_at: "2018-02-13 19:03:02", updated_at: "2018-02-13 19:03:02">
[active_model_serializers] Rendered ActiveModel::Serializer::CollectionSerializer with Currency::ActiveRecord_Relation (0.93ms)
Completed 200 OK in 2ms (Views: 2.0ms | ActiveRecord: 0.2ms)


Started POST "/api/v1/currencies" for 127.0.0.1 at 2018-02-13 14:40:10 -0500
Processing by Api::V1::CurrenciesController#create as */*
  Parameters: {"original_currency"=>"USD", "conversion_currency"=>"USD", "amount_entered"=>"44444444", "currency"=>{"original_currency"=>"USD", "conversion_currency"=>"USD", "amount_entered"=>"44444444"}}
Unpermitted parameter: :currency
  [1m[35m (0.1ms)[0m  [1m[36mbegin transaction[0m
  [1m[35mSQL (0.4ms)[0m  [1m[32mINSERT INTO "currencies" ("original_currency", "conversion_currency", "amount_entered", "created_at", "updated_at") VALUES (?, ?, ?, ?, ?)[0m  [["original_currency", "USD"], ["conversion_currency", "USD"], ["amount_entered", 44444444], ["created_at", "2018-02-13 19:40:10.451458"], ["updated_at", "2018-02-13 19:40:10.451458"]]
  [1m[35m (1.2ms)[0m  [1m[36mcommit transaction[0m
[active_model_serializers] Rendered ActiveModel::Serializer::Null with Currency (0.31ms)
Completed 200 OK in 5ms (Views: 1.0ms | ActiveRecord: 1.7ms)


Started POST "/api/v1/currencies" for 127.0.0.1 at 2018-02-13 14:40:10 -0500
Processing by Api::V1::CurrenciesController#create as */*
  Parameters: {"original_currency"=>"USD", "conversion_currency"=>"USD", "amount_entered"=>"44444444", "currency"=>{"original_currency"=>"USD", "conversion_currency"=>"USD", "amount_entered"=>"44444444"}}
Unpermitted parameter: :currency
  [1m[35m (0.1ms)[0m  [1m[36mbegin transaction[0m
  [1m[35mSQL (0.4ms)[0m  [1m[32mINSERT INTO "currencies" ("original_currency", "conversion_currency", "amount_entered", "created_at", "updated_at") VALUES (?, ?, ?, ?, ?)[0m  [["original_currency", "USD"], ["conversion_currency", "USD"], ["amount_entered", 44444444], ["created_at", "2018-02-13 19:40:10.877679"], ["updated_at", "2018-02-13 19:40:10.877679"]]
  [1m[35m (7.1ms)[0m  [1m[36mcommit transaction[0m
[active_model_serializers] Rendered ActiveModel::Serializer::Null with Currency (0.3ms)
Completed 200 OK in 11ms (Views: 0.9ms | ActiveRecord: 7.7ms)


Started POST "/api/v1/currencies" for 127.0.0.1 at 2018-02-13 14:40:11 -0500
Processing by Api::V1::CurrenciesController#create as */*
  Parameters: {"original_currency"=>"USD", "conversion_currency"=>"USD", "amount_entered"=>"44444444", "currency"=>{"original_currency"=>"USD", "conversion_currency"=>"USD", "amount_entered"=>"44444444"}}
Unpermitted parameter: :currency
  [1m[35m (0.1ms)[0m  [1m[36mbegin transaction[0m
  [1m[35mSQL (0.3ms)[0m  [1m[32mINSERT INTO "currencies" ("original_currency", "conversion_currency", "amount_entered", "created_at", "updated_at") VALUES (?, ?, ?, ?, ?)[0m  [["original_currency", "USD"], ["conversion_currency", "USD"], ["amount_entered", 44444444], ["created_at", "2018-02-13 19:40:11.206982"], ["updated_at", "2018-02-13 19:40:11.206982"]]
  [1m[35m (7.5ms)[0m  [1m[36mcommit transaction[0m
[active_model_serializers] Rendered ActiveModel::Serializer::Null with Currency (0.3ms)
Completed 200 OK in 11ms (Views: 1.0ms | ActiveRecord: 7.9ms)


Started GET "/api/v1/currencies" for 127.0.0.1 at 2018-02-13 14:40:13 -0500
Processing by Api::V1::CurrenciesController#index as HTML
  [1m[36mCurrency Load (0.2ms)[0m  [1m[34mSELECT "currencies".* FROM "currencies"[0m
No serializer found for resource: #<Currency id: 1, original_currency: "ARS", conversion_currency: "BHD", amount_entered: 1232, created_at: "2018-02-13 19:03:02", updated_at: "2018-02-13 19:03:02">
[active_model_serializers] Rendered ActiveModel::Serializer::CollectionSerializer with Currency::ActiveRecord_Relation (1.21ms)
Completed 200 OK in 3ms (Views: 2.3ms | ActiveRecord: 0.2ms)


